<?xml version="1.0" encoding="UTF-8"?>
<testsuite name="the user make a purchase" tests="1" skipped="0" failures="0" errors="0" timestamp="2024-04-11T23:45:55" hostname="FLIAGUERREROCAM" time="32.208">
  <properties/>
  <testcase name="the user adds two products to the cart and completes the entire purchase flow" classname="the user make a purchase" time="32.208"/>
  <system-out><![CDATA[18:45:56.002 [Test worker] DEBUG io.cucumber.core.plugin.SerenityReporter -- Running feature from file:///C:/Users/kguer/IdeaProjects/retoDemoBlaze/src/test/resources/com.demoblaze/PurchaseFlowE2E.feature
18:45:56.002 [Test worker] WARN io.cucumber.core.plugin.SerenityReporter -- Feature from file:///C:/Users/kguer/IdeaProjects/retoDemoBlaze/src/test/resources/com.demoblaze/PurchaseFlowE2E.feature is not under the 'features' directory. Requirements report will not be correctly generated!
18:45:56.190 [Test worker] INFO  -- 
  _____   ___   ___   _____     ___   _____     _     ___   _____   ___   ___  
 |_   _| | __| / __| |_   _|   / __| |_   _|   /_\   | _ \ |_   _| | __| |   \ 
   | |   | _|  \__ \   | |     \__ \   | |    / _ \  |   /   | |   | _|  | |) |
   |_|   |___| |___/   |_|     |___/   |_|   /_/ \_\ |_|_\   |_|   |___| |___/ 

the user adds two products to the cart and completes the entire purchase flow(the-user-make-a-purchase;the-user-adds-two-products-to-the-cart-and-completes-the-entire-purchase-flow)
--------------------------------------------------------------------------------
18:45:56.458 [Test worker] DEBUG io.github.bonigarcia.wdm.WebDriverManager -- Using WebDriverManager 5.8.0
18:45:56.835 [Test worker] DEBUG io.github.bonigarcia.wdm.cache.ResolutionCache -- Resolution chrome=123 in cache (valid until 19:27:08 11/04/2024 COT)
18:45:56.843 [Test worker] DEBUG io.github.bonigarcia.wdm.cache.ResolutionCache -- Resolution chrome123=123.0.6312.122 in cache (valid until 14:47:41 12/04/2024 COT)
18:45:56.843 [Test worker] INFO io.github.bonigarcia.wdm.WebDriverManager -- Using chromedriver 123.0.6312.122 (resolved driver for Chrome 123)
18:45:56.851 [Test worker] DEBUG io.github.bonigarcia.wdm.WebDriverManager -- Driver chromedriver 123.0.6312.122 found in cache
18:45:56.851 [Test worker] INFO io.github.bonigarcia.wdm.WebDriverManager -- Exporting webdriver.chrome.driver as C:\Users\kguer\.cache\selenium\chromedriver\win64\123.0.6312.122\chromedriver.exe
18:45:56.851 [Test worker] DEBUG io.github.bonigarcia.wdm.WebDriverManager -- Using WebDriverManager 5.8.0
18:45:56.851 [Test worker] WARN io.github.bonigarcia.wdm.WebDriverManager -- WebDriver object(s) not available
18:45:57.259 [Test worker] DEBUG net.thucydides.core.steps.StepInterceptor -- STARTING STEP: PurchaseFlowE2EStepDefinitions.thatUserAccessSuccessfullyToThe - {0} opens the browser at #url
18:45:57.290 [Test worker] INFO net.serenitybdd.core.webdriver.driverproviders.DriverProvider -- Using WebDriverManager configuration for chrome
18:45:57.290 [Test worker] DEBUG io.github.bonigarcia.wdm.WebDriverManager -- Using WebDriverManager 5.8.0
18:45:57.354 [Test worker] DEBUG io.github.bonigarcia.wdm.cache.ResolutionCache -- Resolution chrome=123 in cache (valid until 19:27:08 11/04/2024 COT)
18:45:57.354 [Test worker] DEBUG io.github.bonigarcia.wdm.cache.ResolutionCache -- Resolution chrome123=123.0.6312.122 in cache (valid until 14:47:41 12/04/2024 COT)
18:45:57.354 [Test worker] INFO io.github.bonigarcia.wdm.WebDriverManager -- Using chromedriver 123.0.6312.122 (resolved driver for Chrome 123)
18:45:57.354 [Test worker] DEBUG io.github.bonigarcia.wdm.WebDriverManager -- Driver chromedriver 123.0.6312.122 found in cache
18:45:57.369 [Test worker] INFO io.github.bonigarcia.wdm.WebDriverManager -- Exporting webdriver.chrome.driver as C:\Users\kguer\.cache\selenium\chromedriver\win64\123.0.6312.122\chromedriver.exe
18:45:57.447 [Test worker] INFO net.serenitybdd.core.webdriver.driverproviders.ChromeDriverProvider -- Starting Chrome driver instance with capabilities:
18:45:57.463 [Test worker] INFO net.serenitybdd.core.webdriver.driverproviders.ChromeDriverProvider -- Capabilities {acceptInsecureCerts: true, browserName: chrome, goog:chromeOptions: {args: [start-maximized, start-maximized, remote-allow-origins=*], extensions: []}}
18:45:57.558 [Test worker] DEBUG io.netty.util.internal.logging.InternalLoggerFactory -- Using SLF4J as the default logging framework
18:45:57.558 [Test worker] DEBUG io.netty.util.ResourceLeakDetector -- -Dio.netty.leakDetection.level: simple
18:45:57.558 [Test worker] DEBUG io.netty.util.ResourceLeakDetector -- -Dio.netty.leakDetection.targetRecords: 4
18:45:57.574 [Test worker] DEBUG io.netty.util.ResourceLeakDetectorFactory -- Loaded default ResourceLeakDetector: io.netty.util.ResourceLeakDetector@55877274
18:45:57.590 [Test worker] DEBUG io.netty.util.internal.PlatformDependent0 -- -Dio.netty.noUnsafe: false
18:45:57.590 [Test worker] DEBUG io.netty.util.internal.PlatformDependent0 -- Java version: 11
18:45:57.606 [Test worker] DEBUG io.netty.util.internal.PlatformDependent0 -- sun.misc.Unsafe.theUnsafe: available
18:45:57.606 [Test worker] DEBUG io.netty.util.internal.PlatformDependent0 -- sun.misc.Unsafe.copyMemory: available
18:45:57.606 [Test worker] DEBUG io.netty.util.internal.PlatformDependent0 -- sun.misc.Unsafe.storeFence: available
18:45:57.606 [Test worker] DEBUG io.netty.util.internal.PlatformDependent0 -- java.nio.Buffer.address: available
18:45:57.606 [Test worker] DEBUG io.netty.util.internal.PlatformDependent0 -- direct buffer constructor: unavailable: Reflective setAccessible(true) disabled
18:45:57.606 [Test worker] DEBUG io.netty.util.internal.PlatformDependent0 -- java.nio.Bits.unaligned: available, true
18:45:57.606 [Test worker] DEBUG io.netty.util.internal.PlatformDependent0 -- jdk.internal.misc.Unsafe.allocateUninitializedArray(int): unavailable: class io.netty.util.internal.PlatformDependent0$7 cannot access class jdk.internal.misc.Unsafe (in module java.base) because module java.base does not export jdk.internal.misc to unnamed module @1d035be3
18:45:57.606 [Test worker] DEBUG io.netty.util.internal.PlatformDependent0 -- java.nio.DirectByteBuffer.<init>(long, int): unavailable
18:45:57.606 [Test worker] DEBUG io.netty.util.internal.PlatformDependent -- sun.misc.Unsafe: available
18:45:57.621 [Test worker] DEBUG io.netty.util.internal.PlatformDependent -- maxDirectMemory: 536870912 bytes (maybe)
18:45:57.621 [Test worker] DEBUG io.netty.util.internal.PlatformDependent -- -Dio.netty.tmpdir: C:\Users\kguer\AppData\Local\Temp (java.io.tmpdir)
18:45:57.621 [Test worker] DEBUG io.netty.util.internal.PlatformDependent -- -Dio.netty.bitMode: 64 (sun.arch.data.model)
18:45:57.637 [Test worker] DEBUG io.netty.util.internal.PlatformDependent -- Platform: Windows
18:45:57.637 [Test worker] DEBUG io.netty.util.internal.PlatformDependent -- -Dio.netty.maxDirectMemory: -1 bytes
18:45:57.637 [Test worker] DEBUG io.netty.util.internal.PlatformDependent -- -Dio.netty.uninitializedArrayAllocationThreshold: -1
18:45:57.637 [Test worker] DEBUG io.netty.util.internal.CleanerJava9 -- java.nio.ByteBuffer.cleaner(): available
18:45:57.637 [Test worker] DEBUG io.netty.util.internal.PlatformDependent -- -Dio.netty.noPreferDirect: false
18:45:57.643 [Test worker] DEBUG io.netty.util.internal.PlatformDependent -- org.jctools-core.MpscChunkedArrayQueue: available
18:45:57.669 [Test worker] DEBUG io.netty.util.internal.InternalThreadLocalMap -- -Dio.netty.threadLocalMap.stringBuilder.initialSize: 1024
18:45:57.669 [Test worker] DEBUG io.netty.util.internal.InternalThreadLocalMap -- -Dio.netty.threadLocalMap.stringBuilder.maxSize: 4096
18:45:57.716 [Test worker] DEBUG io.netty.handler.ssl.JdkSslContext -- Default protocols (JDK): [TLSv1.3, TLSv1.2] 
18:45:57.716 [Test worker] DEBUG io.netty.handler.ssl.JdkSslContext -- Default cipher suites (JDK): [TLS_ECDHE_ECDSA_WITH_AES_256_GCM_SHA384, TLS_ECDHE_ECDSA_WITH_AES_128_GCM_SHA256, TLS_ECDHE_RSA_WITH_AES_128_GCM_SHA256, TLS_ECDHE_RSA_WITH_AES_256_GCM_SHA384, TLS_ECDHE_RSA_WITH_AES_128_CBC_SHA, TLS_ECDHE_RSA_WITH_AES_256_CBC_SHA, TLS_RSA_WITH_AES_128_GCM_SHA256, TLS_RSA_WITH_AES_128_CBC_SHA, TLS_RSA_WITH_AES_256_CBC_SHA, TLS_AES_128_GCM_SHA256, TLS_AES_256_GCM_SHA384]
18:45:57.747 [Test worker] DEBUG io.netty.util.concurrent.GlobalEventExecutor -- -Dio.netty.globalEventExecutor.quietPeriodSeconds: 1
18:45:57.763 [Test worker] DEBUG io.netty.channel.MultithreadEventLoopGroup -- -Dio.netty.eventLoopThreads: 16
18:45:57.779 [Test worker] DEBUG io.netty.channel.nio.NioEventLoop -- -Dio.netty.noKeySetOptimization: false
18:45:57.779 [Test worker] DEBUG io.netty.channel.nio.NioEventLoop -- -Dio.netty.selectorAutoRebuildThreshold: 512
18:45:57.825 [Test worker] DEBUG io.netty.buffer.PooledByteBufAllocator -- -Dio.netty.allocator.numHeapArenas: 1
18:45:57.825 [Test worker] DEBUG io.netty.buffer.PooledByteBufAllocator -- -Dio.netty.allocator.numDirectArenas: 1
18:45:57.825 [Test worker] DEBUG io.netty.buffer.PooledByteBufAllocator -- -Dio.netty.allocator.pageSize: 8192
18:45:57.825 [Test worker] DEBUG io.netty.buffer.PooledByteBufAllocator -- -Dio.netty.allocator.maxOrder: 9
18:45:57.825 [Test worker] DEBUG io.netty.buffer.PooledByteBufAllocator -- -Dio.netty.allocator.chunkSize: 4194304
18:45:57.825 [Test worker] DEBUG io.netty.buffer.PooledByteBufAllocator -- -Dio.netty.allocator.smallCacheSize: 256
18:45:57.825 [Test worker] DEBUG io.netty.buffer.PooledByteBufAllocator -- -Dio.netty.allocator.normalCacheSize: 64
18:45:57.825 [Test worker] DEBUG io.netty.buffer.PooledByteBufAllocator -- -Dio.netty.allocator.maxCachedBufferCapacity: 32768
18:45:57.825 [Test worker] DEBUG io.netty.buffer.PooledByteBufAllocator -- -Dio.netty.allocator.cacheTrimInterval: 8192
18:45:57.825 [Test worker] DEBUG io.netty.buffer.PooledByteBufAllocator -- -Dio.netty.allocator.cacheTrimIntervalMillis: 600000
18:45:57.825 [Test worker] DEBUG io.netty.buffer.PooledByteBufAllocator -- -Dio.netty.allocator.useCacheForAllThreads: false
18:45:57.825 [Test worker] DEBUG io.netty.buffer.PooledByteBufAllocator -- -Dio.netty.allocator.maxCachedByteBuffersPerChunk: 1023
18:45:57.844 [Test worker] DEBUG io.netty.buffer.ByteBufUtil -- -Dio.netty.allocator.type: pooled
18:45:57.844 [Test worker] DEBUG io.netty.buffer.ByteBufUtil -- -Dio.netty.threadLocalDirectBufferSize: 0
18:45:57.844 [Test worker] DEBUG io.netty.buffer.ByteBufUtil -- -Dio.netty.maxThreadLocalCharBufferSize: 16384
18:45:58.272 [Forwarding newSession on session null to remote] DEBUG io.netty.channel.DefaultChannelId -- -Dio.netty.processId: 15447 (user-set)
18:45:58.272 [Forwarding newSession on session null to remote] DEBUG io.netty.channel.DefaultChannelId -- -Dio.netty.machineId: 28:f0:76:ff:fe:16:65:0e (user-set)
18:45:58.350 [AsyncHttpClient-1-2] DEBUG io.netty.buffer.AbstractByteBuf -- -Dio.netty.buffer.checkAccessible: true
18:45:58.350 [AsyncHttpClient-1-2] DEBUG io.netty.buffer.AbstractByteBuf -- -Dio.netty.buffer.checkBounds: true
18:45:58.350 [AsyncHttpClient-1-2] DEBUG io.netty.util.ResourceLeakDetectorFactory -- Loaded default ResourceLeakDetector: io.netty.util.ResourceLeakDetector@6909d577
18:45:58.383 [AsyncHttpClient-1-2] DEBUG org.asynchttpclient.netty.channel.NettyConnectListener -- Using new Channel '[id: 0x1d483681, L:/127.0.0.1:51948 - R:localhost/127.0.0.1:18862]' for 'POST' to '/session'
18:45:58.413 [AsyncHttpClient-1-2] DEBUG io.netty.util.Recycler -- -Dio.netty.recycler.maxCapacityPerThread: 4096
18:45:58.413 [AsyncHttpClient-1-2] DEBUG io.netty.util.Recycler -- -Dio.netty.recycler.ratio: 8
18:45:58.413 [AsyncHttpClient-1-2] DEBUG io.netty.util.Recycler -- -Dio.netty.recycler.chunkSize: 32
18:45:58.413 [AsyncHttpClient-1-2] DEBUG io.netty.util.Recycler -- -Dio.netty.recycler.blocking: false
18:45:58.413 [AsyncHttpClient-1-2] DEBUG io.netty.util.Recycler -- -Dio.netty.recycler.batchFastThreadLocalOnly: true
18:45:59.625 [AsyncHttpClient-1-2] DEBUG io.netty.handler.codec.compression.Brotli -- brotli4j not in the classpath; Brotli support will be unavailable.
18:45:59.625 [AsyncHttpClient-1-2] DEBUG org.asynchttpclient.netty.handler.HttpHandler -- 

Request DefaultHttpRequest(decodeResult: success, version: HTTP/1.1)
POST /session HTTP/1.1
User-Agent: selenium/4.9.0 (java windows)
Content-Length: 351
Content-Type: application/json; charset=utf-8
host: localhost:18862
accept: */*

Response DefaultHttpResponse(decodeResult: success, version: HTTP/1.1)
HTTP/1.1 200 OK
Content-Length: 881
Content-Type: application/json; charset=utf-8
cache-control: no-cache

18:45:59.645 [AsyncHttpClient-1-2] DEBUG org.asynchttpclient.netty.channel.ChannelManager -- Adding key: http://localhost:18862 for channel [id: 0x1d483681, L:/127.0.0.1:51948 - R:localhost/127.0.0.1:18862]
18:45:59.740 [AsyncHttpClient-1-3] DEBUG org.asynchttpclient.netty.channel.NettyConnectListener -- Using new Channel '[id: 0x51dc01f3, L:/127.0.0.1:51965 - R:localhost/127.0.0.1:51952]' for 'GET' to '/json/version'
18:45:59.740 [AsyncHttpClient-1-3] DEBUG org.asynchttpclient.netty.handler.HttpHandler -- 

Request DefaultFullHttpRequest(decodeResult: success, version: HTTP/1.1, content: EmptyByteBufBE)
GET /json/version HTTP/1.1
User-Agent: selenium/4.9.0 (java windows)
host: localhost:51952
accept: */*

Response DefaultHttpResponse(decodeResult: success, version: HTTP/1.1)
HTTP/1.1 200 OK
Content-Security-Policy: frame-ancestors 'none'
Content-Length: 424
Content-Type: application/json; charset=UTF-8

18:45:59.740 [AsyncHttpClient-1-3] DEBUG org.asynchttpclient.netty.channel.ChannelManager -- Adding key: http://localhost:51952 for channel [id: 0x51dc01f3, L:/127.0.0.1:51965 - R:localhost/127.0.0.1:51952]
18:45:59.745 [Test worker] DEBUG io.netty.util.internal.ThreadLocalRandom -- -Dio.netty.initialSeedUniquifier: 0x8fe235509ad8c3b8
18:45:59.745 [AsyncHttpClient-1-4] DEBUG org.asynchttpclient.netty.channel.NettyConnectListener -- Using new Channel '[id: 0xe2fa0c23, L:/127.0.0.1:51966 - R:localhost/127.0.0.1:51952]' for 'GET' to '/devtools/browser/ab460f1e-a005-44ff-8ab5-f8c38ae16fab'
18:45:59.756 [AsyncHttpClient-1-4] DEBUG org.asynchttpclient.netty.handler.WebSocketHandler -- 

Request DefaultFullHttpRequest(decodeResult: success, version: HTTP/1.1, content: EmptyByteBufBE)
GET /devtools/browser/ab460f1e-a005-44ff-8ab5-f8c38ae16fab HTTP/1.1
upgrade: websocket
connection: upgrade
sec-websocket-key: EY4S/lbP73x2LmeAKOV9dg==
sec-websocket-version: 13
origin: http://localhost:51952
host: localhost:51952
accept: */*
user-agent: AHC/2.1

Response DefaultHttpResponse(decodeResult: success, version: HTTP/1.1)
HTTP/1.1 101 WebSocket Protocol Handshake
Upgrade: WebSocket
Connection: Upgrade
Sec-WebSocket-Accept: raFZgikmDGJ9M/x5XyJf53agi/8=

18:45:59.866 [AsyncHttpClient-1-1] DEBUG org.asynchttpclient.netty.channel.DefaultChannelPool -- Entry count for : http://localhost:51952 : 1
18:45:59.866 [AsyncHttpClient-1-1] DEBUG org.asynchttpclient.netty.channel.DefaultChannelPool -- Entry count for : http://localhost:18862 : 1
18:45:59.866 [Forwarding get on session 0cb16b85fd54d24cec88c6f1e9eb2ebd to remote] DEBUG org.asynchttpclient.netty.request.NettyRequestSender -- Using pooled Channel '[id: 0x1d483681, L:/127.0.0.1:51948 - R:localhost/127.0.0.1:18862]' for 'POST' to 'http://localhost:18862/session/0cb16b85fd54d24cec88c6f1e9eb2ebd/url'
18:45:59.882 [Forwarding get on session 0cb16b85fd54d24cec88c6f1e9eb2ebd to remote] DEBUG org.asynchttpclient.netty.request.NettyRequestSender -- Using open Channel [id: 0x1d483681, L:/127.0.0.1:51948 - R:localhost/127.0.0.1:18862] for POST '/session/0cb16b85fd54d24cec88c6f1e9eb2ebd/url'
18:46:00.957 [AsyncHttpClient-1-1] DEBUG org.asynchttpclient.netty.channel.DefaultChannelPool -- Entry count for : http://localhost:51952 : 1
18:46:02.071 [AsyncHttpClient-1-1] DEBUG org.asynchttpclient.netty.channel.DefaultChannelPool -- Entry count for : http://localhost:51952 : 1
18:46:03.157 [AsyncHttpClient-1-1] DEBUG org.asynchttpclient.netty.channel.DefaultChannelPool -- Entry count for : http://localhost:51952 : 1
18:46:03.694 [AsyncHttpClient-1-2] DEBUG org.asynchttpclient.netty.handler.HttpHandler -- 

Request DefaultHttpRequest(decodeResult: success, version: HTTP/1.1)
POST /session/0cb16b85fd54d24cec88c6f1e9eb2ebd/url HTTP/1.1
User-Agent: selenium/4.9.0 (java windows)
Content-Length: 56
Content-Type: application/json; charset=utf-8
host: localhost:18862
accept: */*

Response DefaultHttpResponse(decodeResult: success, version: HTTP/1.1)
HTTP/1.1 200 OK
Content-Length: 14
Content-Type: application/json; charset=utf-8
cache-control: no-cache

18:46:03.695 [AsyncHttpClient-1-2] DEBUG org.asynchttpclient.netty.channel.ChannelManager -- Adding key: http://localhost:18862 for channel [id: 0x1d483681, L:/127.0.0.1:51948 - R:localhost/127.0.0.1:18862]
18:46:03.702 [Forwarding setTimeout on session 0cb16b85fd54d24cec88c6f1e9eb2ebd to remote] DEBUG org.asynchttpclient.netty.request.NettyRequestSender -- Using pooled Channel '[id: 0x1d483681, L:/127.0.0.1:51948 - R:localhost/127.0.0.1:18862]' for 'POST' to 'http://localhost:18862/session/0cb16b85fd54d24cec88c6f1e9eb2ebd/timeouts'
18:46:03.702 [Forwarding setTimeout on session 0cb16b85fd54d24cec88c6f1e9eb2ebd to remote] DEBUG org.asynchttpclient.netty.request.NettyRequestSender -- Using open Channel [id: 0x1d483681, L:/127.0.0.1:51948 - R:localhost/127.0.0.1:18862] for POST '/session/0cb16b85fd54d24cec88c6f1e9eb2ebd/timeouts'
18:46:03.704 [AsyncHttpClient-1-2] DEBUG org.asynchttpclient.netty.handler.HttpHandler -- 

Request DefaultHttpRequest(decodeResult: success, version: HTTP/1.1)
POST /session/0cb16b85fd54d24cec88c6f1e9eb2ebd/timeouts HTTP/1.1
User-Agent: selenium/4.9.0 (java windows)
Content-Length: 22
Content-Type: application/json; charset=utf-8
host: localhost:18862
accept: */*

Response DefaultHttpResponse(decodeResult: success, version: HTTP/1.1)
HTTP/1.1 200 OK
Content-Length: 14
Content-Type: application/json; charset=utf-8
cache-control: no-cache

18:46:03.705 [AsyncHttpClient-1-2] DEBUG org.asynchttpclient.netty.channel.ChannelManager -- Adding key: http://localhost:18862 for channel [id: 0x1d483681, L:/127.0.0.1:51948 - R:localhost/127.0.0.1:18862]
18:46:03.759 [Test worker] DEBUG net.serenitybdd.core.photography.Darkroom -- Opening darkroom
18:46:03.759 [Darkroom Processing Line] DEBUG net.serenitybdd.core.photography.DarkroomProcessingLine -- Darkroom processing line starting up
18:46:03.809 [Forwarding getAlertText on session 0cb16b85fd54d24cec88c6f1e9eb2ebd to remote] DEBUG org.asynchttpclient.netty.request.NettyRequestSender -- Using pooled Channel '[id: 0x1d483681, L:/127.0.0.1:51948 - R:localhost/127.0.0.1:18862]' for 'GET' to 'http://localhost:18862/session/0cb16b85fd54d24cec88c6f1e9eb2ebd/alert/text'
18:46:03.809 [Forwarding getAlertText on session 0cb16b85fd54d24cec88c6f1e9eb2ebd to remote] DEBUG org.asynchttpclient.netty.request.NettyRequestSender -- Using open Channel [id: 0x1d483681, L:/127.0.0.1:51948 - R:localhost/127.0.0.1:18862] for GET '/session/0cb16b85fd54d24cec88c6f1e9eb2ebd/alert/text'
18:46:03.809 [AsyncHttpClient-1-2] DEBUG org.asynchttpclient.netty.handler.HttpHandler -- 

Request DefaultFullHttpRequest(decodeResult: success, version: HTTP/1.1, content: EmptyByteBufBE)
GET /session/0cb16b85fd54d24cec88c6f1e9eb2ebd/alert/text HTTP/1.1
User-Agent: selenium/4.9.0 (java windows)
Cache-Control: no-cache
Content-Type: application/json; charset=utf-8
host: localhost:18862
accept: */*

Response DefaultHttpResponse(decodeResult: success, version: HTTP/1.1)
HTTP/1.1 404 Not Found
Content-Length: 926
Content-Type: application/json; charset=utf-8
cache-control: no-cache

18:46:03.809 [AsyncHttpClient-1-2] DEBUG org.asynchttpclient.netty.channel.ChannelManager -- Adding key: http://localhost:18862 for channel [id: 0x1d483681, L:/127.0.0.1:51948 - R:localhost/127.0.0.1:18862]
18:46:03.826 [Forwarding getCurrentUrl on session 0cb16b85fd54d24cec88c6f1e9eb2ebd to remote] DEBUG org.asynchttpclient.netty.request.NettyRequestSender -- Using pooled Channel '[id: 0x1d483681, L:/127.0.0.1:51948 - R:localhost/127.0.0.1:18862]' for 'GET' to 'http://localhost:18862/session/0cb16b85fd54d24cec88c6f1e9eb2ebd/url'
18:46:03.827 [Forwarding getCurrentUrl on session 0cb16b85fd54d24cec88c6f1e9eb2ebd to remote] DEBUG org.asynchttpclient.netty.request.NettyRequestSender -- Using open Channel [id: 0x1d483681, L:/127.0.0.1:51948 - R:localhost/127.0.0.1:18862] for GET '/session/0cb16b85fd54d24cec88c6f1e9eb2ebd/url'
18:46:03.837 [AsyncHttpClient-1-2] DEBUG org.asynchttpclient.netty.handler.HttpHandler -- 

Request DefaultFullHttpRequest(decodeResult: success, version: HTTP/1.1, content: EmptyByteBufBE)
GET /session/0cb16b85fd54d24cec88c6f1e9eb2ebd/url HTTP/1.1
User-Agent: selenium/4.9.0 (java windows)
Cache-Control: no-cache
Content-Type: application/json; charset=utf-8
host: localhost:18862
accept: */*

Response DefaultHttpResponse(decodeResult: success, version: HTTP/1.1)
HTTP/1.1 200 OK
Content-Length: 38
Content-Type: application/json; charset=utf-8
cache-control: no-cache

18:46:03.837 [AsyncHttpClient-1-2] DEBUG org.asynchttpclient.netty.channel.ChannelManager -- Adding key: http://localhost:18862 for channel [id: 0x1d483681, L:/127.0.0.1:51948 - R:localhost/127.0.0.1:18862]
18:46:03.842 [Forwarding screenshot on session 0cb16b85fd54d24cec88c6f1e9eb2ebd to remote] DEBUG org.asynchttpclient.netty.request.NettyRequestSender -- Using pooled Channel '[id: 0x1d483681, L:/127.0.0.1:51948 - R:localhost/127.0.0.1:18862]' for 'GET' to 'http://localhost:18862/session/0cb16b85fd54d24cec88c6f1e9eb2ebd/screenshot'
18:46:03.842 [Forwarding screenshot on session 0cb16b85fd54d24cec88c6f1e9eb2ebd to remote] DEBUG org.asynchttpclient.netty.request.NettyRequestSender -- Using open Channel [id: 0x1d483681, L:/127.0.0.1:51948 - R:localhost/127.0.0.1:18862] for GET '/session/0cb16b85fd54d24cec88c6f1e9eb2ebd/screenshot'
18:46:03.982 [AsyncHttpClient-1-2] DEBUG org.asynchttpclient.netty.handler.HttpHandler -- 

Request DefaultFullHttpRequest(decodeResult: success, version: HTTP/1.1, content: EmptyByteBufBE)
GET /session/0cb16b85fd54d24cec88c6f1e9eb2ebd/screenshot HTTP/1.1
User-Agent: selenium/4.9.0 (java windows)
Cache-Control: no-cache
Content-Type: application/json; charset=utf-8
host: localhost:18862
accept: */*

Response DefaultHttpResponse(decodeResult: success, version: HTTP/1.1)
HTTP/1.1 200 OK
Content-Length: 284412
Content-Type: application/json; charset=utf-8
cache-control: no-cache

18:46:03.994 [AsyncHttpClient-1-2] DEBUG org.asynchttpclient.netty.channel.ChannelManager -- Adding key: http://localhost:18862 for channel [id: 0x1d483681, L:/127.0.0.1:51948 - R:localhost/127.0.0.1:18862]
18:46:04.103 [Test worker] DEBUG net.serenitybdd.core.photography.Darkroom -- Send negative for processing for C:\Users\kguer\IdeaProjects\retoDemoBlaze\target\site\serenity\e79158ac5e42daffed2122642b8536ee008e24d899d29b5b6b3b28f044cef44d.png
18:46:04.103 [Darkroom Processing Line] DEBUG net.serenitybdd.core.photography.DarkroomProcessingLine -- Processing screenshot image in /var/screenshots/screenshot-6206559387178085706
18:46:04.103 [Darkroom Processing Line] DEBUG net.serenitybdd.core.photography.DarkroomProcessingLine -- Saving screenshot to C:\Users\kguer\IdeaProjects\retoDemoBlaze\target\site\serenity\e79158ac5e42daffed2122642b8536ee008e24d899d29b5b6b3b28f044cef44d.png
18:46:04.117 [Test worker] DEBUG net.thucydides.core.steps.StepInterceptor -- STEP DONE: {0} opens the browser at #url
18:46:04.171 [Forwarding getAlertText on session 0cb16b85fd54d24cec88c6f1e9eb2ebd to remote] DEBUG org.asynchttpclient.netty.request.NettyRequestSender -- Using pooled Channel '[id: 0x1d483681, L:/127.0.0.1:51948 - R:localhost/127.0.0.1:18862]' for 'GET' to 'http://localhost:18862/session/0cb16b85fd54d24cec88c6f1e9eb2ebd/alert/text'
18:46:04.171 [Forwarding getAlertText on session 0cb16b85fd54d24cec88c6f1e9eb2ebd to remote] DEBUG org.asynchttpclient.netty.request.NettyRequestSender -- Using open Channel [id: 0x1d483681, L:/127.0.0.1:51948 - R:localhost/127.0.0.1:18862] for GET '/session/0cb16b85fd54d24cec88c6f1e9eb2ebd/alert/text'
18:46:04.171 [AsyncHttpClient-1-2] DEBUG org.asynchttpclient.netty.handler.HttpHandler -- 

Request DefaultFullHttpRequest(decodeResult: success, version: HTTP/1.1, content: EmptyByteBufBE)
GET /session/0cb16b85fd54d24cec88c6f1e9eb2ebd/alert/text HTTP/1.1
User-Agent: selenium/4.9.0 (java windows)
Cache-Control: no-cache
Content-Type: application/json; charset=utf-8
host: localhost:18862
accept: */*

Response DefaultHttpResponse(decodeResult: success, version: HTTP/1.1)
HTTP/1.1 404 Not Found
Content-Length: 926
Content-Type: application/json; charset=utf-8
cache-control: no-cache

18:46:04.171 [AsyncHttpClient-1-2] DEBUG org.asynchttpclient.netty.channel.ChannelManager -- Adding key: http://localhost:18862 for channel [id: 0x1d483681, L:/127.0.0.1:51948 - R:localhost/127.0.0.1:18862]
18:46:04.171 [Forwarding getCurrentUrl on session 0cb16b85fd54d24cec88c6f1e9eb2ebd to remote] DEBUG org.asynchttpclient.netty.request.NettyRequestSender -- Using pooled Channel '[id: 0x1d483681, L:/127.0.0.1:51948 - R:localhost/127.0.0.1:18862]' for 'GET' to 'http://localhost:18862/session/0cb16b85fd54d24cec88c6f1e9eb2ebd/url'
18:46:04.171 [Forwarding getCurrentUrl on session 0cb16b85fd54d24cec88c6f1e9eb2ebd to remote] DEBUG org.asynchttpclient.netty.request.NettyRequestSender -- Using open Channel [id: 0x1d483681, L:/127.0.0.1:51948 - R:localhost/127.0.0.1:18862] for GET '/session/0cb16b85fd54d24cec88c6f1e9eb2ebd/url'
18:46:04.188 [AsyncHttpClient-1-2] DEBUG org.asynchttpclient.netty.handler.HttpHandler -- 

Request DefaultFullHttpRequest(decodeResult: success, version: HTTP/1.1, content: EmptyByteBufBE)
GET /session/0cb16b85fd54d24cec88c6f1e9eb2ebd/url HTTP/1.1
User-Agent: selenium/4.9.0 (java windows)
Cache-Control: no-cache
Content-Type: application/json; charset=utf-8
host: localhost:18862
accept: */*

Response DefaultHttpResponse(decodeResult: success, version: HTTP/1.1)
HTTP/1.1 200 OK
Content-Length: 38
Content-Type: application/json; charset=utf-8
cache-control: no-cache

18:46:04.188 [AsyncHttpClient-1-2] DEBUG org.asynchttpclient.netty.channel.ChannelManager -- Adding key: http://localhost:18862 for channel [id: 0x1d483681, L:/127.0.0.1:51948 - R:localhost/127.0.0.1:18862]
18:46:04.190 [Forwarding screenshot on session 0cb16b85fd54d24cec88c6f1e9eb2ebd to remote] DEBUG org.asynchttpclient.netty.request.NettyRequestSender -- Using pooled Channel '[id: 0x1d483681, L:/127.0.0.1:51948 - R:localhost/127.0.0.1:18862]' for 'GET' to 'http://localhost:18862/session/0cb16b85fd54d24cec88c6f1e9eb2ebd/screenshot'
18:46:04.191 [Forwarding screenshot on session 0cb16b85fd54d24cec88c6f1e9eb2ebd to remote] DEBUG org.asynchttpclient.netty.request.NettyRequestSender -- Using open Channel [id: 0x1d483681, L:/127.0.0.1:51948 - R:localhost/127.0.0.1:18862] for GET '/session/0cb16b85fd54d24cec88c6f1e9eb2ebd/screenshot'
18:46:04.257 [AsyncHttpClient-1-1] DEBUG org.asynchttpclient.netty.channel.DefaultChannelPool -- Entry count for : http://localhost:51952 : 1
18:46:04.340 [AsyncHttpClient-1-2] DEBUG org.asynchttpclient.netty.handler.HttpHandler -- 

Request DefaultFullHttpRequest(decodeResult: success, version: HTTP/1.1, content: EmptyByteBufBE)
GET /session/0cb16b85fd54d24cec88c6f1e9eb2ebd/screenshot HTTP/1.1
User-Agent: selenium/4.9.0 (java windows)
Cache-Control: no-cache
Content-Type: application/json; charset=utf-8
host: localhost:18862
accept: */*

Response DefaultHttpResponse(decodeResult: success, version: HTTP/1.1)
HTTP/1.1 200 OK
Content-Length: 284412
Content-Type: application/json; charset=utf-8
cache-control: no-cache

18:46:04.350 [AsyncHttpClient-1-2] DEBUG org.asynchttpclient.netty.channel.ChannelManager -- Adding key: http://localhost:18862 for channel [id: 0x1d483681, L:/127.0.0.1:51948 - R:localhost/127.0.0.1:18862]
18:46:04.356 [Test worker] DEBUG net.serenitybdd.core.photography.Darkroom -- Send negative for processing for C:\Users\kguer\IdeaProjects\retoDemoBlaze\target\site\serenity\e79158ac5e42daffed2122642b8536ee008e24d899d29b5b6b3b28f044cef44d.png
18:46:04.356 [Forwarding getPageSource on session 0cb16b85fd54d24cec88c6f1e9eb2ebd to remote] DEBUG org.asynchttpclient.netty.request.NettyRequestSender -- Using pooled Channel '[id: 0x1d483681, L:/127.0.0.1:51948 - R:localhost/127.0.0.1:18862]' for 'POST' to 'http://localhost:18862/session/0cb16b85fd54d24cec88c6f1e9eb2ebd/execute/sync'
18:46:04.356 [Forwarding getPageSource on session 0cb16b85fd54d24cec88c6f1e9eb2ebd to remote] DEBUG org.asynchttpclient.netty.request.NettyRequestSender -- Using open Channel [id: 0x1d483681, L:/127.0.0.1:51948 - R:localhost/127.0.0.1:18862] for POST '/session/0cb16b85fd54d24cec88c6f1e9eb2ebd/execute/sync'
18:46:04.372 [AsyncHttpClient-1-2] DEBUG org.asynchttpclient.netty.handler.HttpHandler -- 

Request DefaultHttpRequest(decodeResult: success, version: HTTP/1.1)
POST /session/0cb16b85fd54d24cec88c6f1e9eb2ebd/execute/sync HTTP/1.1
User-Agent: selenium/4.9.0 (java windows)
Content-Length: 176
Content-Type: application/json; charset=utf-8
host: localhost:18862
accept: */*

Response DefaultHttpResponse(decodeResult: success, version: HTTP/1.1)
HTTP/1.1 200 OK
Content-Length: 57183
Content-Type: application/json; charset=utf-8
cache-control: no-cache

18:46:04.372 [AsyncHttpClient-1-2] DEBUG org.asynchttpclient.netty.channel.ChannelManager -- Adding key: http://localhost:18862 for channel [id: 0x1d483681, L:/127.0.0.1:51948 - R:localhost/127.0.0.1:18862]
18:46:04.578 [Forwarding getCurrentUrl on session 0cb16b85fd54d24cec88c6f1e9eb2ebd to remote] DEBUG org.asynchttpclient.netty.request.NettyRequestSender -- Using pooled Channel '[id: 0x1d483681, L:/127.0.0.1:51948 - R:localhost/127.0.0.1:18862]' for 'GET' to 'http://localhost:18862/session/0cb16b85fd54d24cec88c6f1e9eb2ebd/url'
18:46:04.578 [Forwarding getCurrentUrl on session 0cb16b85fd54d24cec88c6f1e9eb2ebd to remote] DEBUG org.asynchttpclient.netty.request.NettyRequestSender -- Using open Channel [id: 0x1d483681, L:/127.0.0.1:51948 - R:localhost/127.0.0.1:18862] for GET '/session/0cb16b85fd54d24cec88c6f1e9eb2ebd/url'
18:46:04.583 [AsyncHttpClient-1-2] DEBUG org.asynchttpclient.netty.handler.HttpHandler -- 

Request DefaultFullHttpRequest(decodeResult: success, version: HTTP/1.1, content: EmptyByteBufBE)
GET /session/0cb16b85fd54d24cec88c6f1e9eb2ebd/url HTTP/1.1
User-Agent: selenium/4.9.0 (java windows)
Cache-Control: no-cache
Content-Type: application/json; charset=utf-8
host: localhost:18862
accept: */*

Response DefaultHttpResponse(decodeResult: success, version: HTTP/1.1)
HTTP/1.1 200 OK
Content-Length: 38
Content-Type: application/json; charset=utf-8
cache-control: no-cache

18:46:04.583 [AsyncHttpClient-1-2] DEBUG org.asynchttpclient.netty.channel.ChannelManager -- Adding key: http://localhost:18862 for channel [id: 0x1d483681, L:/127.0.0.1:51948 - R:localhost/127.0.0.1:18862]
18:46:04.674 [Forwarding getAlertText on session 0cb16b85fd54d24cec88c6f1e9eb2ebd to remote] DEBUG org.asynchttpclient.netty.request.NettyRequestSender -- Using pooled Channel '[id: 0x1d483681, L:/127.0.0.1:51948 - R:localhost/127.0.0.1:18862]' for 'GET' to 'http://localhost:18862/session/0cb16b85fd54d24cec88c6f1e9eb2ebd/alert/text'
18:46:04.674 [Forwarding getAlertText on session 0cb16b85fd54d24cec88c6f1e9eb2ebd to remote] DEBUG org.asynchttpclient.netty.request.NettyRequestSender -- Using open Channel [id: 0x1d483681, L:/127.0.0.1:51948 - R:localhost/127.0.0.1:18862] for GET '/session/0cb16b85fd54d24cec88c6f1e9eb2ebd/alert/text'
18:46:04.674 [AsyncHttpClient-1-2] DEBUG org.asynchttpclient.netty.handler.HttpHandler -- 

Request DefaultFullHttpRequest(decodeResult: success, version: HTTP/1.1, content: EmptyByteBufBE)
GET /session/0cb16b85fd54d24cec88c6f1e9eb2ebd/alert/text HTTP/1.1
User-Agent: selenium/4.9.0 (java windows)
Cache-Control: no-cache
Content-Type: application/json; charset=utf-8
host: localhost:18862
accept: */*

Response DefaultHttpResponse(decodeResult: success, version: HTTP/1.1)
HTTP/1.1 404 Not Found
Content-Length: 926
Content-Type: application/json; charset=utf-8
cache-control: no-cache

18:46:04.674 [AsyncHttpClient-1-2] DEBUG org.asynchttpclient.netty.channel.ChannelManager -- Adding key: http://localhost:18862 for channel [id: 0x1d483681, L:/127.0.0.1:51948 - R:localhost/127.0.0.1:18862]
18:46:04.674 [Forwarding getCurrentUrl on session 0cb16b85fd54d24cec88c6f1e9eb2ebd to remote] DEBUG org.asynchttpclient.netty.request.NettyRequestSender -- Using pooled Channel '[id: 0x1d483681, L:/127.0.0.1:51948 - R:localhost/127.0.0.1:18862]' for 'GET' to 'http://localhost:18862/session/0cb16b85fd54d24cec88c6f1e9eb2ebd/url'
18:46:04.674 [Forwarding getCurrentUrl on session 0cb16b85fd54d24cec88c6f1e9eb2ebd to remote] DEBUG org.asynchttpclient.netty.request.NettyRequestSender -- Using open Channel [id: 0x1d483681, L:/127.0.0.1:51948 - R:localhost/127.0.0.1:18862] for GET '/session/0cb16b85fd54d24cec88c6f1e9eb2ebd/url'
18:46:04.674 [AsyncHttpClient-1-2] DEBUG org.asynchttpclient.netty.handler.HttpHandler -- 

Request DefaultFullHttpRequest(decodeResult: success, version: HTTP/1.1, content: EmptyByteBufBE)
GET /session/0cb16b85fd54d24cec88c6f1e9eb2ebd/url HTTP/1.1
User-Agent: selenium/4.9.0 (java windows)
Cache-Control: no-cache
Content-Type: application/json; charset=utf-8
host: localhost:18862
accept: */*

Response DefaultHttpResponse(decodeResult: success, version: HTTP/1.1)
HTTP/1.1 200 OK
Content-Length: 38
Content-Type: application/json; charset=utf-8
cache-control: no-cache

18:46:04.674 [AsyncHttpClient-1-2] DEBUG org.asynchttpclient.netty.channel.ChannelManager -- Adding key: http://localhost:18862 for channel [id: 0x1d483681, L:/127.0.0.1:51948 - R:localhost/127.0.0.1:18862]
18:46:04.674 [Forwarding screenshot on session 0cb16b85fd54d24cec88c6f1e9eb2ebd to remote] DEBUG org.asynchttpclient.netty.request.NettyRequestSender -- Using pooled Channel '[id: 0x1d483681, L:/127.0.0.1:51948 - R:localhost/127.0.0.1:18862]' for 'GET' to 'http://localhost:18862/session/0cb16b85fd54d24cec88c6f1e9eb2ebd/screenshot'
18:46:04.674 [Forwarding screenshot on session 0cb16b85fd54d24cec88c6f1e9eb2ebd to remote] DEBUG org.asynchttpclient.netty.request.NettyRequestSender -- Using open Channel [id: 0x1d483681, L:/127.0.0.1:51948 - R:localhost/127.0.0.1:18862] for GET '/session/0cb16b85fd54d24cec88c6f1e9eb2ebd/screenshot'
18:46:04.824 [AsyncHttpClient-1-2] DEBUG org.asynchttpclient.netty.handler.HttpHandler -- 

Request DefaultFullHttpRequest(decodeResult: success, version: HTTP/1.1, content: EmptyByteBufBE)
GET /session/0cb16b85fd54d24cec88c6f1e9eb2ebd/screenshot HTTP/1.1
User-Agent: selenium/4.9.0 (java windows)
Cache-Control: no-cache
Content-Type: application/json; charset=utf-8
host: localhost:18862
accept: */*

Response DefaultHttpResponse(decodeResult: success, version: HTTP/1.1)
HTTP/1.1 200 OK
Content-Length: 308388
Content-Type: application/json; charset=utf-8
cache-control: no-cache

18:46:04.824 [AsyncHttpClient-1-2] DEBUG org.asynchttpclient.netty.channel.ChannelManager -- Adding key: http://localhost:18862 for channel [id: 0x1d483681, L:/127.0.0.1:51948 - R:localhost/127.0.0.1:18862]
18:46:04.839 [Test worker] DEBUG net.serenitybdd.core.photography.Darkroom -- Send negative for processing for C:\Users\kguer\IdeaProjects\retoDemoBlaze\target\site\serenity\b7a86f2a87da27202ec7da09a7fefeffc3f02f68b516f0872ebb3d2de61e4891.png
18:46:04.839 [Darkroom Processing Line] DEBUG net.serenitybdd.core.photography.DarkroomProcessingLine -- Processing screenshot image in /var/screenshots/screenshot-6761114585444363576
18:46:04.839 [Darkroom Processing Line] DEBUG net.serenitybdd.core.photography.DarkroomProcessingLine -- Saving screenshot to C:\Users\kguer\IdeaProjects\retoDemoBlaze\target\site\serenity\b7a86f2a87da27202ec7da09a7fefeffc3f02f68b516f0872ebb3d2de61e4891.png
18:46:04.856 [Forwarding getPageSource on session 0cb16b85fd54d24cec88c6f1e9eb2ebd to remote] DEBUG org.asynchttpclient.netty.request.NettyRequestSender -- Using pooled Channel '[id: 0x1d483681, L:/127.0.0.1:51948 - R:localhost/127.0.0.1:18862]' for 'POST' to 'http://localhost:18862/session/0cb16b85fd54d24cec88c6f1e9eb2ebd/execute/sync'
18:46:04.856 [Forwarding getPageSource on session 0cb16b85fd54d24cec88c6f1e9eb2ebd to remote] DEBUG org.asynchttpclient.netty.request.NettyRequestSender -- Using open Channel [id: 0x1d483681, L:/127.0.0.1:51948 - R:localhost/127.0.0.1:18862] for POST '/session/0cb16b85fd54d24cec88c6f1e9eb2ebd/execute/sync'
18:46:04.883 [AsyncHttpClient-1-2] DEBUG org.asynchttpclient.netty.handler.HttpHandler -- 

Request DefaultHttpRequest(decodeResult: success, version: HTTP/1.1)
POST /session/0cb16b85fd54d24cec88c6f1e9eb2ebd/execute/sync HTTP/1.1
User-Agent: selenium/4.9.0 (java windows)
Content-Length: 176
Content-Type: application/json; charset=utf-8
host: localhost:18862
accept: */*

Response DefaultHttpResponse(decodeResult: success, version: HTTP/1.1)
HTTP/1.1 200 OK
Content-Length: 57562
Content-Type: application/json; charset=utf-8
cache-control: no-cache

18:46:04.884 [AsyncHttpClient-1-2] DEBUG org.asynchttpclient.netty.channel.ChannelManager -- Adding key: http://localhost:18862 for channel [id: 0x1d483681, L:/127.0.0.1:51948 - R:localhost/127.0.0.1:18862]
18:46:04.915 [Forwarding getCurrentUrl on session 0cb16b85fd54d24cec88c6f1e9eb2ebd to remote] DEBUG org.asynchttpclient.netty.request.NettyRequestSender -- Using pooled Channel '[id: 0x1d483681, L:/127.0.0.1:51948 - R:localhost/127.0.0.1:18862]' for 'GET' to 'http://localhost:18862/session/0cb16b85fd54d24cec88c6f1e9eb2ebd/url'
18:46:04.915 [Forwarding getCurrentUrl on session 0cb16b85fd54d24cec88c6f1e9eb2ebd to remote] DEBUG org.asynchttpclient.netty.request.NettyRequestSender -- Using open Channel [id: 0x1d483681, L:/127.0.0.1:51948 - R:localhost/127.0.0.1:18862] for GET '/session/0cb16b85fd54d24cec88c6f1e9eb2ebd/url'
18:46:04.920 [AsyncHttpClient-1-2] DEBUG org.asynchttpclient.netty.handler.HttpHandler -- 

Request DefaultFullHttpRequest(decodeResult: success, version: HTTP/1.1, content: EmptyByteBufBE)
GET /session/0cb16b85fd54d24cec88c6f1e9eb2ebd/url HTTP/1.1
User-Agent: selenium/4.9.0 (java windows)
Cache-Control: no-cache
Content-Type: application/json; charset=utf-8
host: localhost:18862
accept: */*

Response DefaultHttpResponse(decodeResult: success, version: HTTP/1.1)
HTTP/1.1 200 OK
Content-Length: 38
Content-Type: application/json; charset=utf-8
cache-control: no-cache

18:46:04.921 [AsyncHttpClient-1-2] DEBUG org.asynchttpclient.netty.channel.ChannelManager -- Adding key: http://localhost:18862 for channel [id: 0x1d483681, L:/127.0.0.1:51948 - R:localhost/127.0.0.1:18862]
18:46:04.924 [Test worker] DEBUG net.thucydides.core.steps.StepInterceptor -- STARTING STEP: PurchaseFlowE2EStepDefinitions.theUserAddsTwoProductsToTheCart - performAs
18:46:05.035 [Forwarding getAlertText on session 0cb16b85fd54d24cec88c6f1e9eb2ebd to remote] DEBUG org.asynchttpclient.netty.request.NettyRequestSender -- Using pooled Channel '[id: 0x1d483681, L:/127.0.0.1:51948 - R:localhost/127.0.0.1:18862]' for 'GET' to 'http://localhost:18862/session/0cb16b85fd54d24cec88c6f1e9eb2ebd/alert/text'
18:46:05.035 [Forwarding getAlertText on session 0cb16b85fd54d24cec88c6f1e9eb2ebd to remote] DEBUG org.asynchttpclient.netty.request.NettyRequestSender -- Using open Channel [id: 0x1d483681, L:/127.0.0.1:51948 - R:localhost/127.0.0.1:18862] for GET '/session/0cb16b85fd54d24cec88c6f1e9eb2ebd/alert/text'
18:46:05.035 [AsyncHttpClient-1-2] DEBUG org.asynchttpclient.netty.handler.HttpHandler -- 

Request DefaultFullHttpRequest(decodeResult: success, version: HTTP/1.1, content: EmptyByteBufBE)
GET /session/0cb16b85fd54d24cec88c6f1e9eb2ebd/alert/text HTTP/1.1
User-Agent: selenium/4.9.0 (java windows)
Cache-Control: no-cache
Content-Type: application/json; charset=utf-8
host: localhost:18862
accept: */*

Response DefaultHttpResponse(decodeResult: success, version: HTTP/1.1)
HTTP/1.1 404 Not Found
Content-Length: 926
Content-Type: application/json; charset=utf-8
cache-control: no-cache

18:46:05.035 [AsyncHttpClient-1-2] DEBUG org.asynchttpclient.netty.channel.ChannelManager -- Adding key: http://localhost:18862 for channel [id: 0x1d483681, L:/127.0.0.1:51948 - R:localhost/127.0.0.1:18862]
18:46:05.035 [Forwarding getCurrentUrl on session 0cb16b85fd54d24cec88c6f1e9eb2ebd to remote] DEBUG org.asynchttpclient.netty.request.NettyRequestSender -- Using pooled Channel '[id: 0x1d483681, L:/127.0.0.1:51948 - R:localhost/127.0.0.1:18862]' for 'GET' to 'http://localhost:18862/session/0cb16b85fd54d24cec88c6f1e9eb2ebd/url'
18:46:05.035 [Forwarding getCurrentUrl on session 0cb16b85fd54d24cec88c6f1e9eb2ebd to remote] DEBUG org.asynchttpclient.netty.request.NettyRequestSender -- Using open Channel [id: 0x1d483681, L:/127.0.0.1:51948 - R:localhost/127.0.0.1:18862] for GET '/session/0cb16b85fd54d24cec88c6f1e9eb2ebd/url'
18:46:05.051 [AsyncHttpClient-1-2] DEBUG org.asynchttpclient.netty.handler.HttpHandler -- 

Request DefaultFullHttpRequest(decodeResult: success, version: HTTP/1.1, content: EmptyByteBufBE)
GET /session/0cb16b85fd54d24cec88c6f1e9eb2ebd/url HTTP/1.1
User-Agent: selenium/4.9.0 (java windows)
Cache-Control: no-cache
Content-Type: application/json; charset=utf-8
host: localhost:18862
accept: */*

Response DefaultHttpResponse(decodeResult: success, version: HTTP/1.1)
HTTP/1.1 200 OK
Content-Length: 38
Content-Type: application/json; charset=utf-8
cache-control: no-cache

18:46:05.051 [AsyncHttpClient-1-2] DEBUG org.asynchttpclient.netty.channel.ChannelManager -- Adding key: http://localhost:18862 for channel [id: 0x1d483681, L:/127.0.0.1:51948 - R:localhost/127.0.0.1:18862]
18:46:05.081 [Forwarding screenshot on session 0cb16b85fd54d24cec88c6f1e9eb2ebd to remote] DEBUG org.asynchttpclient.netty.request.NettyRequestSender -- Using pooled Channel '[id: 0x1d483681, L:/127.0.0.1:51948 - R:localhost/127.0.0.1:18862]' for 'GET' to 'http://localhost:18862/session/0cb16b85fd54d24cec88c6f1e9eb2ebd/screenshot'
18:46:05.082 [Forwarding screenshot on session 0cb16b85fd54d24cec88c6f1e9eb2ebd to remote] DEBUG org.asynchttpclient.netty.request.NettyRequestSender -- Using open Channel [id: 0x1d483681, L:/127.0.0.1:51948 - R:localhost/127.0.0.1:18862] for GET '/session/0cb16b85fd54d24cec88c6f1e9eb2ebd/screenshot'
18:46:05.221 [AsyncHttpClient-1-2] DEBUG org.asynchttpclient.netty.handler.HttpHandler -- 

Request DefaultFullHttpRequest(decodeResult: success, version: HTTP/1.1, content: EmptyByteBufBE)
GET /session/0cb16b85fd54d24cec88c6f1e9eb2ebd/screenshot HTTP/1.1
User-Agent: selenium/4.9.0 (java windows)
Cache-Control: no-cache
Content-Type: application/json; charset=utf-8
host: localhost:18862
accept: */*

Response DefaultHttpResponse(decodeResult: success, version: HTTP/1.1)
HTTP/1.1 200 OK
Content-Length: 284336
Content-Type: application/json; charset=utf-8
cache-control: no-cache

18:46:05.221 [AsyncHttpClient-1-2] DEBUG org.asynchttpclient.netty.channel.ChannelManager -- Adding key: http://localhost:18862 for channel [id: 0x1d483681, L:/127.0.0.1:51948 - R:localhost/127.0.0.1:18862]
18:46:05.243 [Test worker] DEBUG net.serenitybdd.core.photography.Darkroom -- Send negative for processing for C:\Users\kguer\IdeaProjects\retoDemoBlaze\target\site\serenity\60b4c6f38db5567965903bbf10982eb081fd2b6ff87058b7dbdb1c8af878b7be.png
18:46:05.244 [Darkroom Processing Line] DEBUG net.serenitybdd.core.photography.DarkroomProcessingLine -- Processing screenshot image in /var/screenshots/screenshot-3907409840218195609
18:46:05.244 [Darkroom Processing Line] DEBUG net.serenitybdd.core.photography.DarkroomProcessingLine -- Saving screenshot to C:\Users\kguer\IdeaProjects\retoDemoBlaze\target\site\serenity\60b4c6f38db5567965903bbf10982eb081fd2b6ff87058b7dbdb1c8af878b7be.png
18:46:05.272 [Forwarding getPageSource on session 0cb16b85fd54d24cec88c6f1e9eb2ebd to remote] DEBUG org.asynchttpclient.netty.request.NettyRequestSender -- Using pooled Channel '[id: 0x1d483681, L:/127.0.0.1:51948 - R:localhost/127.0.0.1:18862]' for 'POST' to 'http://localhost:18862/session/0cb16b85fd54d24cec88c6f1e9eb2ebd/execute/sync'
18:46:05.272 [Forwarding getPageSource on session 0cb16b85fd54d24cec88c6f1e9eb2ebd to remote] DEBUG org.asynchttpclient.netty.request.NettyRequestSender -- Using open Channel [id: 0x1d483681, L:/127.0.0.1:51948 - R:localhost/127.0.0.1:18862] for POST '/session/0cb16b85fd54d24cec88c6f1e9eb2ebd/execute/sync'
18:46:05.276 [AsyncHttpClient-1-2] DEBUG org.asynchttpclient.netty.handler.HttpHandler -- 

Request DefaultHttpRequest(decodeResult: success, version: HTTP/1.1)
POST /session/0cb16b85fd54d24cec88c6f1e9eb2ebd/execute/sync HTTP/1.1
User-Agent: selenium/4.9.0 (java windows)
Content-Length: 176
Content-Type: application/json; charset=utf-8
host: localhost:18862
accept: */*

Response DefaultHttpResponse(decodeResult: success, version: HTTP/1.1)
HTTP/1.1 200 OK
Content-Length: 57562
Content-Type: application/json; charset=utf-8
cache-control: no-cache

18:46:05.276 [AsyncHttpClient-1-2] DEBUG org.asynchttpclient.netty.channel.ChannelManager -- Adding key: http://localhost:18862 for channel [id: 0x1d483681, L:/127.0.0.1:51948 - R:localhost/127.0.0.1:18862]
18:46:05.316 [Forwarding getCurrentUrl on session 0cb16b85fd54d24cec88c6f1e9eb2ebd to remote] DEBUG org.asynchttpclient.netty.request.NettyRequestSender -- Using pooled Channel '[id: 0x1d483681, L:/127.0.0.1:51948 - R:localhost/127.0.0.1:18862]' for 'GET' to 'http://localhost:18862/session/0cb16b85fd54d24cec88c6f1e9eb2ebd/url'
18:46:05.316 [Forwarding getCurrentUrl on session 0cb16b85fd54d24cec88c6f1e9eb2ebd to remote] DEBUG org.asynchttpclient.netty.request.NettyRequestSender -- Using open Channel [id: 0x1d483681, L:/127.0.0.1:51948 - R:localhost/127.0.0.1:18862] for GET '/session/0cb16b85fd54d24cec88c6f1e9eb2ebd/url'
18:46:05.322 [AsyncHttpClient-1-2] DEBUG org.asynchttpclient.netty.handler.HttpHandler -- 

Request DefaultFullHttpRequest(decodeResult: success, version: HTTP/1.1, content: EmptyByteBufBE)
GET /session/0cb16b85fd54d24cec88c6f1e9eb2ebd/url HTTP/1.1
User-Agent: selenium/4.9.0 (java windows)
Cache-Control: no-cache
Content-Type: application/json; charset=utf-8
host: localhost:18862
accept: */*

Response DefaultHttpResponse(decodeResult: success, version: HTTP/1.1)
HTTP/1.1 200 OK
Content-Length: 38
Content-Type: application/json; charset=utf-8
cache-control: no-cache

18:46:05.323 [AsyncHttpClient-1-2] DEBUG org.asynchttpclient.netty.channel.ChannelManager -- Adding key: http://localhost:18862 for channel [id: 0x1d483681, L:/127.0.0.1:51948 - R:localhost/127.0.0.1:18862]
18:46:05.327 [Test worker] DEBUG net.thucydides.core.steps.StepInterceptor -- STARTING STEP: PurchaseFlowE2ETask.performAs - performAs
18:46:05.371 [AsyncHttpClient-1-1] DEBUG org.asynchttpclient.netty.channel.DefaultChannelPool -- Entry count for : http://localhost:51952 : 1
18:46:05.371 [AsyncHttpClient-1-1] DEBUG org.asynchttpclient.netty.channel.DefaultChannelPool -- Entry count for : http://localhost:18862 : 1
18:46:05.575 [Forwarding getAlertText on session 0cb16b85fd54d24cec88c6f1e9eb2ebd to remote] DEBUG org.asynchttpclient.netty.request.NettyRequestSender -- Using pooled Channel '[id: 0x1d483681, L:/127.0.0.1:51948 - R:localhost/127.0.0.1:18862]' for 'GET' to 'http://localhost:18862/session/0cb16b85fd54d24cec88c6f1e9eb2ebd/alert/text'
18:46:05.575 [Forwarding getAlertText on session 0cb16b85fd54d24cec88c6f1e9eb2ebd to remote] DEBUG org.asynchttpclient.netty.request.NettyRequestSender -- Using open Channel [id: 0x1d483681, L:/127.0.0.1:51948 - R:localhost/127.0.0.1:18862] for GET '/session/0cb16b85fd54d24cec88c6f1e9eb2ebd/alert/text'
18:46:05.575 [AsyncHttpClient-1-2] DEBUG org.asynchttpclient.netty.handler.HttpHandler -- 

Request DefaultFullHttpRequest(decodeResult: success, version: HTTP/1.1, content: EmptyByteBufBE)
GET /session/0cb16b85fd54d24cec88c6f1e9eb2ebd/alert/text HTTP/1.1
User-Agent: selenium/4.9.0 (java windows)
Cache-Control: no-cache
Content-Type: application/json; charset=utf-8
host: localhost:18862
accept: */*

Response DefaultHttpResponse(decodeResult: success, version: HTTP/1.1)
HTTP/1.1 404 Not Found
Content-Length: 926
Content-Type: application/json; charset=utf-8
cache-control: no-cache

18:46:05.575 [AsyncHttpClient-1-2] DEBUG org.asynchttpclient.netty.channel.ChannelManager -- Adding key: http://localhost:18862 for channel [id: 0x1d483681, L:/127.0.0.1:51948 - R:localhost/127.0.0.1:18862]
18:46:05.575 [Forwarding getCurrentUrl on session 0cb16b85fd54d24cec88c6f1e9eb2ebd to remote] DEBUG org.asynchttpclient.netty.request.NettyRequestSender -- Using pooled Channel '[id: 0x1d483681, L:/127.0.0.1:51948 - R:localhost/127.0.0.1:18862]' for 'GET' to 'http://localhost:18862/session/0cb16b85fd54d24cec88c6f1e9eb2ebd/url'
18:46:05.575 [Forwarding getCurrentUrl on session 0cb16b85fd54d24cec88c6f1e9eb2ebd to remote] DEBUG org.asynchttpclient.netty.request.NettyRequestSender -- Using open Channel [id: 0x1d483681, L:/127.0.0.1:51948 - R:localhost/127.0.0.1:18862] for GET '/session/0cb16b85fd54d24cec88c6f1e9eb2ebd/url'
18:46:05.591 [AsyncHttpClient-1-2] DEBUG org.asynchttpclient.netty.handler.HttpHandler -- 

Request DefaultFullHttpRequest(decodeResult: success, version: HTTP/1.1, content: EmptyByteBufBE)
GET /session/0cb16b85fd54d24cec88c6f1e9eb2ebd/url HTTP/1.1
User-Agent: selenium/4.9.0 (java windows)
Cache-Control: no-cache
Content-Type: application/json; charset=utf-8
host: localhost:18862
accept: */*

Response DefaultHttpResponse(decodeResult: success, version: HTTP/1.1)
HTTP/1.1 200 OK
Content-Length: 38
Content-Type: application/json; charset=utf-8
cache-control: no-cache

18:46:05.591 [AsyncHttpClient-1-2] DEBUG org.asynchttpclient.netty.channel.ChannelManager -- Adding key: http://localhost:18862 for channel [id: 0x1d483681, L:/127.0.0.1:51948 - R:localhost/127.0.0.1:18862]
18:46:05.591 [Forwarding screenshot on session 0cb16b85fd54d24cec88c6f1e9eb2ebd to remote] DEBUG org.asynchttpclient.netty.request.NettyRequestSender -- Using pooled Channel '[id: 0x1d483681, L:/127.0.0.1:51948 - R:localhost/127.0.0.1:18862]' for 'GET' to 'http://localhost:18862/session/0cb16b85fd54d24cec88c6f1e9eb2ebd/screenshot'
18:46:05.591 [Forwarding screenshot on session 0cb16b85fd54d24cec88c6f1e9eb2ebd to remote] DEBUG org.asynchttpclient.netty.request.NettyRequestSender -- Using open Channel [id: 0x1d483681, L:/127.0.0.1:51948 - R:localhost/127.0.0.1:18862] for GET '/session/0cb16b85fd54d24cec88c6f1e9eb2ebd/screenshot'
18:46:05.725 [AsyncHttpClient-1-2] DEBUG org.asynchttpclient.netty.handler.HttpHandler -- 

Request DefaultFullHttpRequest(decodeResult: success, version: HTTP/1.1, content: EmptyByteBufBE)
GET /session/0cb16b85fd54d24cec88c6f1e9eb2ebd/screenshot HTTP/1.1
User-Agent: selenium/4.9.0 (java windows)
Cache-Control: no-cache
Content-Type: application/json; charset=utf-8
host: localhost:18862
accept: */*

Response DefaultHttpResponse(decodeResult: success, version: HTTP/1.1)
HTTP/1.1 200 OK
Content-Length: 284336
Content-Type: application/json; charset=utf-8
cache-control: no-cache

18:46:05.725 [AsyncHttpClient-1-2] DEBUG org.asynchttpclient.netty.channel.ChannelManager -- Adding key: http://localhost:18862 for channel [id: 0x1d483681, L:/127.0.0.1:51948 - R:localhost/127.0.0.1:18862]
18:46:05.751 [Test worker] DEBUG net.serenitybdd.core.photography.Darkroom -- Send negative for processing for C:\Users\kguer\IdeaProjects\retoDemoBlaze\target\site\serenity\60b4c6f38db5567965903bbf10982eb081fd2b6ff87058b7dbdb1c8af878b7be.png
18:46:05.778 [Forwarding getPageSource on session 0cb16b85fd54d24cec88c6f1e9eb2ebd to remote] DEBUG org.asynchttpclient.netty.request.NettyRequestSender -- Using pooled Channel '[id: 0x1d483681, L:/127.0.0.1:51948 - R:localhost/127.0.0.1:18862]' for 'POST' to 'http://localhost:18862/session/0cb16b85fd54d24cec88c6f1e9eb2ebd/execute/sync'
18:46:05.778 [Forwarding getPageSource on session 0cb16b85fd54d24cec88c6f1e9eb2ebd to remote] DEBUG org.asynchttpclient.netty.request.NettyRequestSender -- Using open Channel [id: 0x1d483681, L:/127.0.0.1:51948 - R:localhost/127.0.0.1:18862] for POST '/session/0cb16b85fd54d24cec88c6f1e9eb2ebd/execute/sync'
18:46:05.792 [AsyncHttpClient-1-2] DEBUG org.asynchttpclient.netty.handler.HttpHandler -- 

Request DefaultHttpRequest(decodeResult: success, version: HTTP/1.1)
POST /session/0cb16b85fd54d24cec88c6f1e9eb2ebd/execute/sync HTTP/1.1
User-Agent: selenium/4.9.0 (java windows)
Content-Length: 176
Content-Type: application/json; charset=utf-8
host: localhost:18862
accept: */*

Response DefaultHttpResponse(decodeResult: success, version: HTTP/1.1)
HTTP/1.1 200 OK
Content-Length: 57562
Content-Type: application/json; charset=utf-8
cache-control: no-cache

18:46:05.792 [AsyncHttpClient-1-2] DEBUG org.asynchttpclient.netty.channel.ChannelManager -- Adding key: http://localhost:18862 for channel [id: 0x1d483681, L:/127.0.0.1:51948 - R:localhost/127.0.0.1:18862]
18:46:05.809 [Forwarding getCurrentUrl on session 0cb16b85fd54d24cec88c6f1e9eb2ebd to remote] DEBUG org.asynchttpclient.netty.request.NettyRequestSender -- Using pooled Channel '[id: 0x1d483681, L:/127.0.0.1:51948 - R:localhost/127.0.0.1:18862]' for 'GET' to 'http://localhost:18862/session/0cb16b85fd54d24cec88c6f1e9eb2ebd/url'
18:46:05.809 [Forwarding getCurrentUrl on session 0cb16b85fd54d24cec88c6f1e9eb2ebd to remote] DEBUG org.asynchttpclient.netty.request.NettyRequestSender -- Using open Channel [id: 0x1d483681, L:/127.0.0.1:51948 - R:localhost/127.0.0.1:18862] for GET '/session/0cb16b85fd54d24cec88c6f1e9eb2ebd/url'
18:46:05.819 [AsyncHttpClient-1-2] DEBUG org.asynchttpclient.netty.handler.HttpHandler -- 

Request DefaultFullHttpRequest(decodeResult: success, version: HTTP/1.1, content: EmptyByteBufBE)
GET /session/0cb16b85fd54d24cec88c6f1e9eb2ebd/url HTTP/1.1
User-Agent: selenium/4.9.0 (java windows)
Cache-Control: no-cache
Content-Type: application/json; charset=utf-8
host: localhost:18862
accept: */*

Response DefaultHttpResponse(decodeResult: success, version: HTTP/1.1)
HTTP/1.1 200 OK
Content-Length: 38
Content-Type: application/json; charset=utf-8
cache-control: no-cache

18:46:05.819 [AsyncHttpClient-1-2] DEBUG org.asynchttpclient.netty.channel.ChannelManager -- Adding key: http://localhost:18862 for channel [id: 0x1d483681, L:/127.0.0.1:51948 - R:localhost/127.0.0.1:18862]
18:46:05.824 [Test worker] DEBUG net.thucydides.core.steps.StepInterceptor -- STARTING STEP: AddProductsToCartInteraction.performAs - performAs
18:46:05.873 [Test worker] DEBUG net.serenitybdd.screenplay.targets.IFrameSwitcher -- default content already selected for Button to productos
18:46:05.951 [Forwarding findElements on session 0cb16b85fd54d24cec88c6f1e9eb2ebd to remote] DEBUG org.asynchttpclient.netty.request.NettyRequestSender -- Using pooled Channel '[id: 0x1d483681, L:/127.0.0.1:51948 - R:localhost/127.0.0.1:18862]' for 'POST' to 'http://localhost:18862/session/0cb16b85fd54d24cec88c6f1e9eb2ebd/elements'
18:46:05.951 [Forwarding findElements on session 0cb16b85fd54d24cec88c6f1e9eb2ebd to remote] DEBUG org.asynchttpclient.netty.request.NettyRequestSender -- Using open Channel [id: 0x1d483681, L:/127.0.0.1:51948 - R:localhost/127.0.0.1:18862] for POST '/session/0cb16b85fd54d24cec88c6f1e9eb2ebd/elements'
18:46:05.973 [AsyncHttpClient-1-2] DEBUG org.asynchttpclient.netty.handler.HttpHandler -- 

Request DefaultHttpRequest(decodeResult: success, version: HTTP/1.1)
POST /session/0cb16b85fd54d24cec88c6f1e9eb2ebd/elements HTTP/1.1
User-Agent: selenium/4.9.0 (java windows)
Content-Length: 67
Content-Type: application/json; charset=utf-8
host: localhost:18862
accept: */*

Response DefaultHttpResponse(decodeResult: success, version: HTTP/1.1)
HTTP/1.1 200 OK
Content-Length: 1064
Content-Type: application/json; charset=utf-8
cache-control: no-cache

18:46:05.973 [AsyncHttpClient-1-2] DEBUG org.asynchttpclient.netty.channel.ChannelManager -- Adding key: http://localhost:18862 for channel [id: 0x1d483681, L:/127.0.0.1:51948 - R:localhost/127.0.0.1:18862]
18:46:06.136 [Forwarding getElementTagName on session 0cb16b85fd54d24cec88c6f1e9eb2ebd to remote] DEBUG org.asynchttpclient.netty.request.NettyRequestSender -- Using pooled Channel '[id: 0x1d483681, L:/127.0.0.1:51948 - R:localhost/127.0.0.1:18862]' for 'GET' to 'http://localhost:18862/session/0cb16b85fd54d24cec88c6f1e9eb2ebd/element/f.F3D8E0C449C07D1F7D6153FC9DF4AACD.d.3E9CEB7A6B226BAC3E26FFE94D3E02AA.e.72/name'
18:46:06.136 [Forwarding getElementTagName on session 0cb16b85fd54d24cec88c6f1e9eb2ebd to remote] DEBUG org.asynchttpclient.netty.request.NettyRequestSender -- Using open Channel [id: 0x1d483681, L:/127.0.0.1:51948 - R:localhost/127.0.0.1:18862] for GET '/session/0cb16b85fd54d24cec88c6f1e9eb2ebd/element/f.F3D8E0C449C07D1F7D6153FC9DF4AACD.d.3E9CEB7A6B226BAC3E26FFE94D3E02AA.e.72/name'
18:46:06.151 [AsyncHttpClient-1-2] DEBUG org.asynchttpclient.netty.handler.HttpHandler -- 

Request DefaultFullHttpRequest(decodeResult: success, version: HTTP/1.1, content: EmptyByteBufBE)
GET /session/0cb16b85fd54d24cec88c6f1e9eb2ebd/element/f.F3D8E0C449C07D1F7D6153FC9DF4AACD.d.3E9CEB7A6B226BAC3E26FFE94D3E02AA.e.72/name HTTP/1.1
User-Agent: selenium/4.9.0 (java windows)
Cache-Control: no-cache
Content-Type: application/json; charset=utf-8
host: localhost:18862
accept: */*

Response DefaultHttpResponse(decodeResult: success, version: HTTP/1.1)
HTTP/1.1 200 OK
Content-Length: 13
Content-Type: application/json; charset=utf-8
cache-control: no-cache

18:46:06.151 [AsyncHttpClient-1-2] DEBUG org.asynchttpclient.netty.channel.ChannelManager -- Adding key: http://localhost:18862 for channel [id: 0x1d483681, L:/127.0.0.1:51948 - R:localhost/127.0.0.1:18862]
18:46:06.167 [Forwarding getElementTagName on session 0cb16b85fd54d24cec88c6f1e9eb2ebd to remote] DEBUG org.asynchttpclient.netty.request.NettyRequestSender -- Using pooled Channel '[id: 0x1d483681, L:/127.0.0.1:51948 - R:localhost/127.0.0.1:18862]' for 'GET' to 'http://localhost:18862/session/0cb16b85fd54d24cec88c6f1e9eb2ebd/element/f.F3D8E0C449C07D1F7D6153FC9DF4AACD.d.3E9CEB7A6B226BAC3E26FFE94D3E02AA.e.72/name'
18:46:06.167 [Forwarding getElementTagName on session 0cb16b85fd54d24cec88c6f1e9eb2ebd to remote] DEBUG org.asynchttpclient.netty.request.NettyRequestSender -- Using open Channel [id: 0x1d483681, L:/127.0.0.1:51948 - R:localhost/127.0.0.1:18862] for GET '/session/0cb16b85fd54d24cec88c6f1e9eb2ebd/element/f.F3D8E0C449C07D1F7D6153FC9DF4AACD.d.3E9CEB7A6B226BAC3E26FFE94D3E02AA.e.72/name'
18:46:06.185 [AsyncHttpClient-1-2] DEBUG org.asynchttpclient.netty.handler.HttpHandler -- 

Request DefaultFullHttpRequest(decodeResult: success, version: HTTP/1.1, content: EmptyByteBufBE)
GET /session/0cb16b85fd54d24cec88c6f1e9eb2ebd/element/f.F3D8E0C449C07D1F7D6153FC9DF4AACD.d.3E9CEB7A6B226BAC3E26FFE94D3E02AA.e.72/name HTTP/1.1
User-Agent: selenium/4.9.0 (java windows)
Cache-Control: no-cache
Content-Type: application/json; charset=utf-8
host: localhost:18862
accept: */*

Response DefaultHttpResponse(decodeResult: success, version: HTTP/1.1)
HTTP/1.1 200 OK
Content-Length: 13
Content-Type: application/json; charset=utf-8
cache-control: no-cache

18:46:06.185 [AsyncHttpClient-1-2] DEBUG org.asynchttpclient.netty.channel.ChannelManager -- Adding key: http://localhost:18862 for channel [id: 0x1d483681, L:/127.0.0.1:51948 - R:localhost/127.0.0.1:18862]
18:46:06.199 [Forwarding clickElement on session 0cb16b85fd54d24cec88c6f1e9eb2ebd to remote] DEBUG org.asynchttpclient.netty.request.NettyRequestSender -- Using pooled Channel '[id: 0x1d483681, L:/127.0.0.1:51948 - R:localhost/127.0.0.1:18862]' for 'POST' to 'http://localhost:18862/session/0cb16b85fd54d24cec88c6f1e9eb2ebd/element/f.F3D8E0C449C07D1F7D6153FC9DF4AACD.d.3E9CEB7A6B226BAC3E26FFE94D3E02AA.e.72/click'
18:46:06.199 [Forwarding clickElement on session 0cb16b85fd54d24cec88c6f1e9eb2ebd to remote] DEBUG org.asynchttpclient.netty.request.NettyRequestSender -- Using open Channel [id: 0x1d483681, L:/127.0.0.1:51948 - R:localhost/127.0.0.1:18862] for POST '/session/0cb16b85fd54d24cec88c6f1e9eb2ebd/element/f.F3D8E0C449C07D1F7D6153FC9DF4AACD.d.3E9CEB7A6B226BAC3E26FFE94D3E02AA.e.72/click'
18:46:06.457 [AsyncHttpClient-1-1] DEBUG org.asynchttpclient.netty.channel.DefaultChannelPool -- Entry count for : http://localhost:51952 : 1
18:46:07.557 [AsyncHttpClient-1-1] DEBUG org.asynchttpclient.netty.channel.DefaultChannelPool -- Entry count for : http://localhost:51952 : 1
18:46:08.261 [AsyncHttpClient-1-2] DEBUG org.asynchttpclient.netty.handler.HttpHandler -- 

Request DefaultHttpRequest(decodeResult: success, version: HTTP/1.1)
POST /session/0cb16b85fd54d24cec88c6f1e9eb2ebd/element/f.F3D8E0C449C07D1F7D6153FC9DF4AACD.d.3E9CEB7A6B226BAC3E26FFE94D3E02AA.e.72/click HTTP/1.1
User-Agent: selenium/4.9.0 (java windows)
Content-Length: 88
Content-Type: application/json; charset=utf-8
host: localhost:18862
accept: */*

Response DefaultHttpResponse(decodeResult: success, version: HTTP/1.1)
HTTP/1.1 200 OK
Content-Length: 14
Content-Type: application/json; charset=utf-8
cache-control: no-cache

18:46:08.262 [AsyncHttpClient-1-2] DEBUG org.asynchttpclient.netty.channel.ChannelManager -- Adding key: http://localhost:18862 for channel [id: 0x1d483681, L:/127.0.0.1:51948 - R:localhost/127.0.0.1:18862]
18:46:08.340 [Forwarding getAlertText on session 0cb16b85fd54d24cec88c6f1e9eb2ebd to remote] DEBUG org.asynchttpclient.netty.request.NettyRequestSender -- Using pooled Channel '[id: 0x1d483681, L:/127.0.0.1:51948 - R:localhost/127.0.0.1:18862]' for 'GET' to 'http://localhost:18862/session/0cb16b85fd54d24cec88c6f1e9eb2ebd/alert/text'
18:46:08.340 [Forwarding getAlertText on session 0cb16b85fd54d24cec88c6f1e9eb2ebd to remote] DEBUG org.asynchttpclient.netty.request.NettyRequestSender -- Using open Channel [id: 0x1d483681, L:/127.0.0.1:51948 - R:localhost/127.0.0.1:18862] for GET '/session/0cb16b85fd54d24cec88c6f1e9eb2ebd/alert/text'
18:46:08.342 [AsyncHttpClient-1-2] DEBUG org.asynchttpclient.netty.handler.HttpHandler -- 

Request DefaultFullHttpRequest(decodeResult: success, version: HTTP/1.1, content: EmptyByteBufBE)
GET /session/0cb16b85fd54d24cec88c6f1e9eb2ebd/alert/text HTTP/1.1
User-Agent: selenium/4.9.0 (java windows)
Cache-Control: no-cache
Content-Type: application/json; charset=utf-8
host: localhost:18862
accept: */*

Response DefaultHttpResponse(decodeResult: success, version: HTTP/1.1)
HTTP/1.1 404 Not Found
Content-Length: 926
Content-Type: application/json; charset=utf-8
cache-control: no-cache

18:46:08.342 [AsyncHttpClient-1-2] DEBUG org.asynchttpclient.netty.channel.ChannelManager -- Adding key: http://localhost:18862 for channel [id: 0x1d483681, L:/127.0.0.1:51948 - R:localhost/127.0.0.1:18862]
18:46:08.342 [Forwarding getCurrentUrl on session 0cb16b85fd54d24cec88c6f1e9eb2ebd to remote] DEBUG org.asynchttpclient.netty.request.NettyRequestSender -- Using pooled Channel '[id: 0x1d483681, L:/127.0.0.1:51948 - R:localhost/127.0.0.1:18862]' for 'GET' to 'http://localhost:18862/session/0cb16b85fd54d24cec88c6f1e9eb2ebd/url'
18:46:08.342 [Forwarding getCurrentUrl on session 0cb16b85fd54d24cec88c6f1e9eb2ebd to remote] DEBUG org.asynchttpclient.netty.request.NettyRequestSender -- Using open Channel [id: 0x1d483681, L:/127.0.0.1:51948 - R:localhost/127.0.0.1:18862] for GET '/session/0cb16b85fd54d24cec88c6f1e9eb2ebd/url'
18:46:08.342 [AsyncHttpClient-1-2] DEBUG org.asynchttpclient.netty.handler.HttpHandler -- 

Request DefaultFullHttpRequest(decodeResult: success, version: HTTP/1.1, content: EmptyByteBufBE)
GET /session/0cb16b85fd54d24cec88c6f1e9eb2ebd/url HTTP/1.1
User-Agent: selenium/4.9.0 (java windows)
Cache-Control: no-cache
Content-Type: application/json; charset=utf-8
host: localhost:18862
accept: */*

Response DefaultHttpResponse(decodeResult: success, version: HTTP/1.1)
HTTP/1.1 200 OK
Content-Length: 54
Content-Type: application/json; charset=utf-8
cache-control: no-cache

18:46:08.342 [AsyncHttpClient-1-2] DEBUG org.asynchttpclient.netty.channel.ChannelManager -- Adding key: http://localhost:18862 for channel [id: 0x1d483681, L:/127.0.0.1:51948 - R:localhost/127.0.0.1:18862]
18:46:08.342 [Forwarding screenshot on session 0cb16b85fd54d24cec88c6f1e9eb2ebd to remote] DEBUG org.asynchttpclient.netty.request.NettyRequestSender -- Using pooled Channel '[id: 0x1d483681, L:/127.0.0.1:51948 - R:localhost/127.0.0.1:18862]' for 'GET' to 'http://localhost:18862/session/0cb16b85fd54d24cec88c6f1e9eb2ebd/screenshot'
18:46:08.342 [Forwarding screenshot on session 0cb16b85fd54d24cec88c6f1e9eb2ebd to remote] DEBUG org.asynchttpclient.netty.request.NettyRequestSender -- Using open Channel [id: 0x1d483681, L:/127.0.0.1:51948 - R:localhost/127.0.0.1:18862] for GET '/session/0cb16b85fd54d24cec88c6f1e9eb2ebd/screenshot'
18:46:08.487 [AsyncHttpClient-1-2] DEBUG org.asynchttpclient.netty.handler.HttpHandler -- 

Request DefaultFullHttpRequest(decodeResult: success, version: HTTP/1.1, content: EmptyByteBufBE)
GET /session/0cb16b85fd54d24cec88c6f1e9eb2ebd/screenshot HTTP/1.1
User-Agent: selenium/4.9.0 (java windows)
Cache-Control: no-cache
Content-Type: application/json; charset=utf-8
host: localhost:18862
accept: */*

Response DefaultHttpResponse(decodeResult: success, version: HTTP/1.1)
HTTP/1.1 200 OK
Content-Length: 219632
Content-Type: application/json; charset=utf-8
cache-control: no-cache

18:46:08.492 [AsyncHttpClient-1-2] DEBUG org.asynchttpclient.netty.channel.ChannelManager -- Adding key: http://localhost:18862 for channel [id: 0x1d483681, L:/127.0.0.1:51948 - R:localhost/127.0.0.1:18862]
18:46:08.492 [Test worker] DEBUG net.serenitybdd.core.photography.Darkroom -- Send negative for processing for C:\Users\kguer\IdeaProjects\retoDemoBlaze\target\site\serenity\164135fb624ab817b167444e0efe5092b5725dbf8a7bb4b173d0b79977a6d294.png
18:46:08.509 [Forwarding getPageSource on session 0cb16b85fd54d24cec88c6f1e9eb2ebd to remote] DEBUG org.asynchttpclient.netty.request.NettyRequestSender -- Using pooled Channel '[id: 0x1d483681, L:/127.0.0.1:51948 - R:localhost/127.0.0.1:18862]' for 'POST' to 'http://localhost:18862/session/0cb16b85fd54d24cec88c6f1e9eb2ebd/execute/sync'
18:46:08.509 [Forwarding getPageSource on session 0cb16b85fd54d24cec88c6f1e9eb2ebd to remote] DEBUG org.asynchttpclient.netty.request.NettyRequestSender -- Using open Channel [id: 0x1d483681, L:/127.0.0.1:51948 - R:localhost/127.0.0.1:18862] for POST '/session/0cb16b85fd54d24cec88c6f1e9eb2ebd/execute/sync'
18:46:08.531 [AsyncHttpClient-1-2] DEBUG org.asynchttpclient.netty.handler.HttpHandler -- 

Request DefaultHttpRequest(decodeResult: success, version: HTTP/1.1)
POST /session/0cb16b85fd54d24cec88c6f1e9eb2ebd/execute/sync HTTP/1.1
User-Agent: selenium/4.9.0 (java windows)
Content-Length: 176
Content-Type: application/json; charset=utf-8
host: localhost:18862
accept: */*

Response DefaultHttpResponse(decodeResult: success, version: HTTP/1.1)
HTTP/1.1 200 OK
Content-Length: 53716
Content-Type: application/json; charset=utf-8
cache-control: no-cache

18:46:08.531 [AsyncHttpClient-1-2] DEBUG org.asynchttpclient.netty.channel.ChannelManager -- Adding key: http://localhost:18862 for channel [id: 0x1d483681, L:/127.0.0.1:51948 - R:localhost/127.0.0.1:18862]
18:46:08.543 [Forwarding getCurrentUrl on session 0cb16b85fd54d24cec88c6f1e9eb2ebd to remote] DEBUG org.asynchttpclient.netty.request.NettyRequestSender -- Using pooled Channel '[id: 0x1d483681, L:/127.0.0.1:51948 - R:localhost/127.0.0.1:18862]' for 'GET' to 'http://localhost:18862/session/0cb16b85fd54d24cec88c6f1e9eb2ebd/url'
18:46:08.543 [Forwarding getCurrentUrl on session 0cb16b85fd54d24cec88c6f1e9eb2ebd to remote] DEBUG org.asynchttpclient.netty.request.NettyRequestSender -- Using open Channel [id: 0x1d483681, L:/127.0.0.1:51948 - R:localhost/127.0.0.1:18862] for GET '/session/0cb16b85fd54d24cec88c6f1e9eb2ebd/url'
18:46:08.557 [AsyncHttpClient-1-2] DEBUG org.asynchttpclient.netty.handler.HttpHandler -- 

Request DefaultFullHttpRequest(decodeResult: success, version: HTTP/1.1, content: EmptyByteBufBE)
GET /session/0cb16b85fd54d24cec88c6f1e9eb2ebd/url HTTP/1.1
User-Agent: selenium/4.9.0 (java windows)
Cache-Control: no-cache
Content-Type: application/json; charset=utf-8
host: localhost:18862
accept: */*

Response DefaultHttpResponse(decodeResult: success, version: HTTP/1.1)
HTTP/1.1 200 OK
Content-Length: 54
Content-Type: application/json; charset=utf-8
cache-control: no-cache

18:46:08.557 [AsyncHttpClient-1-2] DEBUG org.asynchttpclient.netty.channel.ChannelManager -- Adding key: http://localhost:18862 for channel [id: 0x1d483681, L:/127.0.0.1:51948 - R:localhost/127.0.0.1:18862]
18:46:08.620 [Forwarding getAlertText on session 0cb16b85fd54d24cec88c6f1e9eb2ebd to remote] DEBUG org.asynchttpclient.netty.request.NettyRequestSender -- Using pooled Channel '[id: 0x1d483681, L:/127.0.0.1:51948 - R:localhost/127.0.0.1:18862]' for 'GET' to 'http://localhost:18862/session/0cb16b85fd54d24cec88c6f1e9eb2ebd/alert/text'
18:46:08.620 [Forwarding getAlertText on session 0cb16b85fd54d24cec88c6f1e9eb2ebd to remote] DEBUG org.asynchttpclient.netty.request.NettyRequestSender -- Using open Channel [id: 0x1d483681, L:/127.0.0.1:51948 - R:localhost/127.0.0.1:18862] for GET '/session/0cb16b85fd54d24cec88c6f1e9eb2ebd/alert/text'
18:46:08.623 [AsyncHttpClient-1-2] DEBUG org.asynchttpclient.netty.handler.HttpHandler -- 

Request DefaultFullHttpRequest(decodeResult: success, version: HTTP/1.1, content: EmptyByteBufBE)
GET /session/0cb16b85fd54d24cec88c6f1e9eb2ebd/alert/text HTTP/1.1
User-Agent: selenium/4.9.0 (java windows)
Cache-Control: no-cache
Content-Type: application/json; charset=utf-8
host: localhost:18862
accept: */*

Response DefaultHttpResponse(decodeResult: success, version: HTTP/1.1)
HTTP/1.1 404 Not Found
Content-Length: 926
Content-Type: application/json; charset=utf-8
cache-control: no-cache

18:46:08.624 [AsyncHttpClient-1-2] DEBUG org.asynchttpclient.netty.channel.ChannelManager -- Adding key: http://localhost:18862 for channel [id: 0x1d483681, L:/127.0.0.1:51948 - R:localhost/127.0.0.1:18862]
18:46:08.624 [Forwarding getCurrentUrl on session 0cb16b85fd54d24cec88c6f1e9eb2ebd to remote] DEBUG org.asynchttpclient.netty.request.NettyRequestSender -- Using pooled Channel '[id: 0x1d483681, L:/127.0.0.1:51948 - R:localhost/127.0.0.1:18862]' for 'GET' to 'http://localhost:18862/session/0cb16b85fd54d24cec88c6f1e9eb2ebd/url'
18:46:08.624 [Forwarding getCurrentUrl on session 0cb16b85fd54d24cec88c6f1e9eb2ebd to remote] DEBUG org.asynchttpclient.netty.request.NettyRequestSender -- Using open Channel [id: 0x1d483681, L:/127.0.0.1:51948 - R:localhost/127.0.0.1:18862] for GET '/session/0cb16b85fd54d24cec88c6f1e9eb2ebd/url'
18:46:08.624 [AsyncHttpClient-1-2] DEBUG org.asynchttpclient.netty.handler.HttpHandler -- 

Request DefaultFullHttpRequest(decodeResult: success, version: HTTP/1.1, content: EmptyByteBufBE)
GET /session/0cb16b85fd54d24cec88c6f1e9eb2ebd/url HTTP/1.1
User-Agent: selenium/4.9.0 (java windows)
Cache-Control: no-cache
Content-Type: application/json; charset=utf-8
host: localhost:18862
accept: */*

Response DefaultHttpResponse(decodeResult: success, version: HTTP/1.1)
HTTP/1.1 200 OK
Content-Length: 54
Content-Type: application/json; charset=utf-8
cache-control: no-cache

18:46:08.624 [AsyncHttpClient-1-2] DEBUG org.asynchttpclient.netty.channel.ChannelManager -- Adding key: http://localhost:18862 for channel [id: 0x1d483681, L:/127.0.0.1:51948 - R:localhost/127.0.0.1:18862]
18:46:08.624 [Forwarding screenshot on session 0cb16b85fd54d24cec88c6f1e9eb2ebd to remote] DEBUG org.asynchttpclient.netty.request.NettyRequestSender -- Using pooled Channel '[id: 0x1d483681, L:/127.0.0.1:51948 - R:localhost/127.0.0.1:18862]' for 'GET' to 'http://localhost:18862/session/0cb16b85fd54d24cec88c6f1e9eb2ebd/screenshot'
18:46:08.624 [Forwarding screenshot on session 0cb16b85fd54d24cec88c6f1e9eb2ebd to remote] DEBUG org.asynchttpclient.netty.request.NettyRequestSender -- Using open Channel [id: 0x1d483681, L:/127.0.0.1:51948 - R:localhost/127.0.0.1:18862] for GET '/session/0cb16b85fd54d24cec88c6f1e9eb2ebd/screenshot'
18:46:08.657 [AsyncHttpClient-1-1] DEBUG org.asynchttpclient.netty.channel.DefaultChannelPool -- Entry count for : http://localhost:51952 : 1
18:46:08.773 [AsyncHttpClient-1-2] DEBUG org.asynchttpclient.netty.handler.HttpHandler -- 

Request DefaultFullHttpRequest(decodeResult: success, version: HTTP/1.1, content: EmptyByteBufBE)
GET /session/0cb16b85fd54d24cec88c6f1e9eb2ebd/screenshot HTTP/1.1
User-Agent: selenium/4.9.0 (java windows)
Cache-Control: no-cache
Content-Type: application/json; charset=utf-8
host: localhost:18862
accept: */*

Response DefaultHttpResponse(decodeResult: success, version: HTTP/1.1)
HTTP/1.1 200 OK
Content-Length: 219632
Content-Type: application/json; charset=utf-8
cache-control: no-cache

18:46:08.773 [AsyncHttpClient-1-2] DEBUG org.asynchttpclient.netty.channel.ChannelManager -- Adding key: http://localhost:18862 for channel [id: 0x1d483681, L:/127.0.0.1:51948 - R:localhost/127.0.0.1:18862]
18:46:08.788 [Test worker] DEBUG net.serenitybdd.core.photography.Darkroom -- Send negative for processing for C:\Users\kguer\IdeaProjects\retoDemoBlaze\target\site\serenity\164135fb624ab817b167444e0efe5092b5725dbf8a7bb4b173d0b79977a6d294.png
18:46:08.788 [Test worker] DEBUG net.thucydides.core.steps.StepInterceptor -- STEP DONE: performAs
18:46:08.852 [Test worker] DEBUG net.serenitybdd.screenplay.targets.IFrameSwitcher -- default content already selected for Button to add cart
18:46:08.857 [Forwarding findElements on session 0cb16b85fd54d24cec88c6f1e9eb2ebd to remote] DEBUG org.asynchttpclient.netty.request.NettyRequestSender -- Using pooled Channel '[id: 0x1d483681, L:/127.0.0.1:51948 - R:localhost/127.0.0.1:18862]' for 'POST' to 'http://localhost:18862/session/0cb16b85fd54d24cec88c6f1e9eb2ebd/elements'
18:46:08.857 [Forwarding findElements on session 0cb16b85fd54d24cec88c6f1e9eb2ebd to remote] DEBUG org.asynchttpclient.netty.request.NettyRequestSender -- Using open Channel [id: 0x1d483681, L:/127.0.0.1:51948 - R:localhost/127.0.0.1:18862] for POST '/session/0cb16b85fd54d24cec88c6f1e9eb2ebd/elements'
18:46:08.875 [AsyncHttpClient-1-2] DEBUG org.asynchttpclient.netty.handler.HttpHandler -- 

Request DefaultHttpRequest(decodeResult: success, version: HTTP/1.1)
POST /session/0cb16b85fd54d24cec88c6f1e9eb2ebd/elements HTTP/1.1
User-Agent: selenium/4.9.0 (java windows)
Content-Length: 83
Content-Type: application/json; charset=utf-8
host: localhost:18862
accept: */*

Response DefaultHttpResponse(decodeResult: success, version: HTTP/1.1)
HTTP/1.1 200 OK
Content-Length: 129
Content-Type: application/json; charset=utf-8
cache-control: no-cache

18:46:08.875 [AsyncHttpClient-1-2] DEBUG org.asynchttpclient.netty.channel.ChannelManager -- Adding key: http://localhost:18862 for channel [id: 0x1d483681, L:/127.0.0.1:51948 - R:localhost/127.0.0.1:18862]
18:46:08.947 [Forwarding isElementDisplayed on session 0cb16b85fd54d24cec88c6f1e9eb2ebd to remote] DEBUG org.asynchttpclient.netty.request.NettyRequestSender -- Using pooled Channel '[id: 0x1d483681, L:/127.0.0.1:51948 - R:localhost/127.0.0.1:18862]' for 'POST' to 'http://localhost:18862/session/0cb16b85fd54d24cec88c6f1e9eb2ebd/execute/sync'
18:46:08.947 [Forwarding isElementDisplayed on session 0cb16b85fd54d24cec88c6f1e9eb2ebd to remote] DEBUG org.asynchttpclient.netty.request.NettyRequestSender -- Using open Channel [id: 0x1d483681, L:/127.0.0.1:51948 - R:localhost/127.0.0.1:18862] for POST '/session/0cb16b85fd54d24cec88c6f1e9eb2ebd/execute/sync'
18:46:08.965 [AsyncHttpClient-1-2] DEBUG org.asynchttpclient.netty.handler.HttpHandler -- 

Request DefaultHttpRequest(decodeResult: success, version: HTTP/1.1)
POST /session/0cb16b85fd54d24cec88c6f1e9eb2ebd/execute/sync HTTP/1.1
User-Agent: selenium/4.9.0 (java windows)
Content-Length: 48846
Content-Type: application/json; charset=utf-8
host: localhost:18862
accept: */*

Response DefaultHttpResponse(decodeResult: success, version: HTTP/1.1)
HTTP/1.1 200 OK
Content-Length: 14
Content-Type: application/json; charset=utf-8
cache-control: no-cache

18:46:08.965 [AsyncHttpClient-1-2] DEBUG org.asynchttpclient.netty.channel.ChannelManager -- Adding key: http://localhost:18862 for channel [id: 0x1d483681, L:/127.0.0.1:51948 - R:localhost/127.0.0.1:18862]
18:46:08.974 [Forwarding isElementDisplayed on session 0cb16b85fd54d24cec88c6f1e9eb2ebd to remote] DEBUG org.asynchttpclient.netty.request.NettyRequestSender -- Using pooled Channel '[id: 0x1d483681, L:/127.0.0.1:51948 - R:localhost/127.0.0.1:18862]' for 'POST' to 'http://localhost:18862/session/0cb16b85fd54d24cec88c6f1e9eb2ebd/execute/sync'
18:46:08.974 [Forwarding isElementDisplayed on session 0cb16b85fd54d24cec88c6f1e9eb2ebd to remote] DEBUG org.asynchttpclient.netty.request.NettyRequestSender -- Using open Channel [id: 0x1d483681, L:/127.0.0.1:51948 - R:localhost/127.0.0.1:18862] for POST '/session/0cb16b85fd54d24cec88c6f1e9eb2ebd/execute/sync'
18:46:08.979 [AsyncHttpClient-1-2] DEBUG org.asynchttpclient.netty.handler.HttpHandler -- 

Request DefaultHttpRequest(decodeResult: success, version: HTTP/1.1)
POST /session/0cb16b85fd54d24cec88c6f1e9eb2ebd/execute/sync HTTP/1.1
User-Agent: selenium/4.9.0 (java windows)
Content-Length: 48846
Content-Type: application/json; charset=utf-8
host: localhost:18862
accept: */*

Response DefaultHttpResponse(decodeResult: success, version: HTTP/1.1)
HTTP/1.1 200 OK
Content-Length: 14
Content-Type: application/json; charset=utf-8
cache-control: no-cache

18:46:08.979 [AsyncHttpClient-1-2] DEBUG org.asynchttpclient.netty.channel.ChannelManager -- Adding key: http://localhost:18862 for channel [id: 0x1d483681, L:/127.0.0.1:51948 - R:localhost/127.0.0.1:18862]
18:46:09.075 [Forwarding getAlertText on session 0cb16b85fd54d24cec88c6f1e9eb2ebd to remote] DEBUG org.asynchttpclient.netty.request.NettyRequestSender -- Using pooled Channel '[id: 0x1d483681, L:/127.0.0.1:51948 - R:localhost/127.0.0.1:18862]' for 'GET' to 'http://localhost:18862/session/0cb16b85fd54d24cec88c6f1e9eb2ebd/alert/text'
18:46:09.075 [Forwarding getAlertText on session 0cb16b85fd54d24cec88c6f1e9eb2ebd to remote] DEBUG org.asynchttpclient.netty.request.NettyRequestSender -- Using open Channel [id: 0x1d483681, L:/127.0.0.1:51948 - R:localhost/127.0.0.1:18862] for GET '/session/0cb16b85fd54d24cec88c6f1e9eb2ebd/alert/text'
18:46:09.075 [AsyncHttpClient-1-2] DEBUG org.asynchttpclient.netty.handler.HttpHandler -- 

Request DefaultFullHttpRequest(decodeResult: success, version: HTTP/1.1, content: EmptyByteBufBE)
GET /session/0cb16b85fd54d24cec88c6f1e9eb2ebd/alert/text HTTP/1.1
User-Agent: selenium/4.9.0 (java windows)
Cache-Control: no-cache
Content-Type: application/json; charset=utf-8
host: localhost:18862
accept: */*

Response DefaultHttpResponse(decodeResult: success, version: HTTP/1.1)
HTTP/1.1 404 Not Found
Content-Length: 926
Content-Type: application/json; charset=utf-8
cache-control: no-cache

18:46:09.075 [AsyncHttpClient-1-2] DEBUG org.asynchttpclient.netty.channel.ChannelManager -- Adding key: http://localhost:18862 for channel [id: 0x1d483681, L:/127.0.0.1:51948 - R:localhost/127.0.0.1:18862]
18:46:09.075 [Forwarding getCurrentUrl on session 0cb16b85fd54d24cec88c6f1e9eb2ebd to remote] DEBUG org.asynchttpclient.netty.request.NettyRequestSender -- Using pooled Channel '[id: 0x1d483681, L:/127.0.0.1:51948 - R:localhost/127.0.0.1:18862]' for 'GET' to 'http://localhost:18862/session/0cb16b85fd54d24cec88c6f1e9eb2ebd/url'
18:46:09.075 [Forwarding getCurrentUrl on session 0cb16b85fd54d24cec88c6f1e9eb2ebd to remote] DEBUG org.asynchttpclient.netty.request.NettyRequestSender -- Using open Channel [id: 0x1d483681, L:/127.0.0.1:51948 - R:localhost/127.0.0.1:18862] for GET '/session/0cb16b85fd54d24cec88c6f1e9eb2ebd/url'
18:46:09.090 [AsyncHttpClient-1-2] DEBUG org.asynchttpclient.netty.handler.HttpHandler -- 

[...]
18:46:26.972 [Forwarding getAlertText on session 0cb16b85fd54d24cec88c6f1e9eb2ebd to remote] DEBUG org.asynchttpclient.netty.request.NettyRequestSender -- Using open Channel [id: 0x1d483681, L:/127.0.0.1:51948 - R:localhost/127.0.0.1:18862] for GET '/session/0cb16b85fd54d24cec88c6f1e9eb2ebd/alert/text'
18:46:26.976 [AsyncHttpClient-1-2] DEBUG org.asynchttpclient.netty.handler.HttpHandler -- 

Request DefaultFullHttpRequest(decodeResult: success, version: HTTP/1.1, content: EmptyByteBufBE)
GET /session/0cb16b85fd54d24cec88c6f1e9eb2ebd/alert/text HTTP/1.1
User-Agent: selenium/4.9.0 (java windows)
Cache-Control: no-cache
Content-Type: application/json; charset=utf-8
host: localhost:18862
accept: */*

Response DefaultHttpResponse(decodeResult: success, version: HTTP/1.1)
HTTP/1.1 404 Not Found
Content-Length: 926
Content-Type: application/json; charset=utf-8
cache-control: no-cache

18:46:26.976 [AsyncHttpClient-1-2] DEBUG org.asynchttpclient.netty.channel.ChannelManager -- Adding key: http://localhost:18862 for channel [id: 0x1d483681, L:/127.0.0.1:51948 - R:localhost/127.0.0.1:18862]
18:46:26.976 [Forwarding getCurrentUrl on session 0cb16b85fd54d24cec88c6f1e9eb2ebd to remote] DEBUG org.asynchttpclient.netty.request.NettyRequestSender -- Using pooled Channel '[id: 0x1d483681, L:/127.0.0.1:51948 - R:localhost/127.0.0.1:18862]' for 'GET' to 'http://localhost:18862/session/0cb16b85fd54d24cec88c6f1e9eb2ebd/url'
18:46:26.976 [Forwarding getCurrentUrl on session 0cb16b85fd54d24cec88c6f1e9eb2ebd to remote] DEBUG org.asynchttpclient.netty.request.NettyRequestSender -- Using open Channel [id: 0x1d483681, L:/127.0.0.1:51948 - R:localhost/127.0.0.1:18862] for GET '/session/0cb16b85fd54d24cec88c6f1e9eb2ebd/url'
18:46:26.982 [AsyncHttpClient-1-2] DEBUG org.asynchttpclient.netty.handler.HttpHandler -- 

Request DefaultFullHttpRequest(decodeResult: success, version: HTTP/1.1, content: EmptyByteBufBE)
GET /session/0cb16b85fd54d24cec88c6f1e9eb2ebd/url HTTP/1.1
User-Agent: selenium/4.9.0 (java windows)
Cache-Control: no-cache
Content-Type: application/json; charset=utf-8
host: localhost:18862
accept: */*

Response DefaultHttpResponse(decodeResult: success, version: HTTP/1.1)
HTTP/1.1 200 OK
Content-Length: 48
Content-Type: application/json; charset=utf-8
cache-control: no-cache

18:46:26.982 [AsyncHttpClient-1-2] DEBUG org.asynchttpclient.netty.channel.ChannelManager -- Adding key: http://localhost:18862 for channel [id: 0x1d483681, L:/127.0.0.1:51948 - R:localhost/127.0.0.1:18862]
18:46:26.982 [Forwarding screenshot on session 0cb16b85fd54d24cec88c6f1e9eb2ebd to remote] DEBUG org.asynchttpclient.netty.request.NettyRequestSender -- Using pooled Channel '[id: 0x1d483681, L:/127.0.0.1:51948 - R:localhost/127.0.0.1:18862]' for 'GET' to 'http://localhost:18862/session/0cb16b85fd54d24cec88c6f1e9eb2ebd/screenshot'
18:46:26.982 [Forwarding screenshot on session 0cb16b85fd54d24cec88c6f1e9eb2ebd to remote] DEBUG org.asynchttpclient.netty.request.NettyRequestSender -- Using open Channel [id: 0x1d483681, L:/127.0.0.1:51948 - R:localhost/127.0.0.1:18862] for GET '/session/0cb16b85fd54d24cec88c6f1e9eb2ebd/screenshot'
18:46:27.148 [AsyncHttpClient-1-2] DEBUG org.asynchttpclient.netty.handler.HttpHandler -- 

Request DefaultFullHttpRequest(decodeResult: success, version: HTTP/1.1, content: EmptyByteBufBE)
GET /session/0cb16b85fd54d24cec88c6f1e9eb2ebd/screenshot HTTP/1.1
User-Agent: selenium/4.9.0 (java windows)
Cache-Control: no-cache
Content-Type: application/json; charset=utf-8
host: localhost:18862
accept: */*

Response DefaultHttpResponse(decodeResult: success, version: HTTP/1.1)
HTTP/1.1 200 OK
Content-Length: 284384
Content-Type: application/json; charset=utf-8
cache-control: no-cache

18:46:27.149 [AsyncHttpClient-1-2] DEBUG org.asynchttpclient.netty.channel.ChannelManager -- Adding key: http://localhost:18862 for channel [id: 0x1d483681, L:/127.0.0.1:51948 - R:localhost/127.0.0.1:18862]
18:46:27.157 [Test worker] DEBUG net.serenitybdd.core.photography.Darkroom -- Send negative for processing for C:\Users\kguer\IdeaProjects\retoDemoBlaze\target\site\serenity\3adb81c78693953a4d0486b91426a37968276a42b6d98e505d6ca5b858b8cec4.png
18:46:27.170 [Forwarding getPageSource on session 0cb16b85fd54d24cec88c6f1e9eb2ebd to remote] DEBUG org.asynchttpclient.netty.request.NettyRequestSender -- Using pooled Channel '[id: 0x1d483681, L:/127.0.0.1:51948 - R:localhost/127.0.0.1:18862]' for 'POST' to 'http://localhost:18862/session/0cb16b85fd54d24cec88c6f1e9eb2ebd/execute/sync'
18:46:27.170 [Forwarding getPageSource on session 0cb16b85fd54d24cec88c6f1e9eb2ebd to remote] DEBUG org.asynchttpclient.netty.request.NettyRequestSender -- Using open Channel [id: 0x1d483681, L:/127.0.0.1:51948 - R:localhost/127.0.0.1:18862] for POST '/session/0cb16b85fd54d24cec88c6f1e9eb2ebd/execute/sync'
18:46:27.182 [AsyncHttpClient-1-2] DEBUG org.asynchttpclient.netty.handler.HttpHandler -- 

Request DefaultHttpRequest(decodeResult: success, version: HTTP/1.1)
POST /session/0cb16b85fd54d24cec88c6f1e9eb2ebd/execute/sync HTTP/1.1
User-Agent: selenium/4.9.0 (java windows)
Content-Length: 176
Content-Type: application/json; charset=utf-8
host: localhost:18862
accept: */*

Response DefaultHttpResponse(decodeResult: success, version: HTTP/1.1)
HTTP/1.1 200 OK
Content-Length: 51702
Content-Type: application/json; charset=utf-8
cache-control: no-cache

18:46:27.183 [AsyncHttpClient-1-2] DEBUG org.asynchttpclient.netty.channel.ChannelManager -- Adding key: http://localhost:18862 for channel [id: 0x1d483681, L:/127.0.0.1:51948 - R:localhost/127.0.0.1:18862]
18:46:27.190 [Forwarding getCurrentUrl on session 0cb16b85fd54d24cec88c6f1e9eb2ebd to remote] DEBUG org.asynchttpclient.netty.request.NettyRequestSender -- Using pooled Channel '[id: 0x1d483681, L:/127.0.0.1:51948 - R:localhost/127.0.0.1:18862]' for 'GET' to 'http://localhost:18862/session/0cb16b85fd54d24cec88c6f1e9eb2ebd/url'
18:46:27.190 [Forwarding getCurrentUrl on session 0cb16b85fd54d24cec88c6f1e9eb2ebd to remote] DEBUG org.asynchttpclient.netty.request.NettyRequestSender -- Using open Channel [id: 0x1d483681, L:/127.0.0.1:51948 - R:localhost/127.0.0.1:18862] for GET '/session/0cb16b85fd54d24cec88c6f1e9eb2ebd/url'
18:46:27.193 [AsyncHttpClient-1-2] DEBUG org.asynchttpclient.netty.handler.HttpHandler -- 

Request DefaultFullHttpRequest(decodeResult: success, version: HTTP/1.1, content: EmptyByteBufBE)
GET /session/0cb16b85fd54d24cec88c6f1e9eb2ebd/url HTTP/1.1
User-Agent: selenium/4.9.0 (java windows)
Cache-Control: no-cache
Content-Type: application/json; charset=utf-8
host: localhost:18862
accept: */*

Response DefaultHttpResponse(decodeResult: success, version: HTTP/1.1)
HTTP/1.1 200 OK
Content-Length: 48
Content-Type: application/json; charset=utf-8
cache-control: no-cache

18:46:27.193 [AsyncHttpClient-1-2] DEBUG org.asynchttpclient.netty.channel.ChannelManager -- Adding key: http://localhost:18862 for channel [id: 0x1d483681, L:/127.0.0.1:51948 - R:localhost/127.0.0.1:18862]
18:46:27.262 [Forwarding getAlertText on session 0cb16b85fd54d24cec88c6f1e9eb2ebd to remote] DEBUG org.asynchttpclient.netty.request.NettyRequestSender -- Using pooled Channel '[id: 0x1d483681, L:/127.0.0.1:51948 - R:localhost/127.0.0.1:18862]' for 'GET' to 'http://localhost:18862/session/0cb16b85fd54d24cec88c6f1e9eb2ebd/alert/text'
18:46:27.262 [Forwarding getAlertText on session 0cb16b85fd54d24cec88c6f1e9eb2ebd to remote] DEBUG org.asynchttpclient.netty.request.NettyRequestSender -- Using open Channel [id: 0x1d483681, L:/127.0.0.1:51948 - R:localhost/127.0.0.1:18862] for GET '/session/0cb16b85fd54d24cec88c6f1e9eb2ebd/alert/text'
18:46:27.262 [AsyncHttpClient-1-2] DEBUG org.asynchttpclient.netty.handler.HttpHandler -- 

Request DefaultFullHttpRequest(decodeResult: success, version: HTTP/1.1, content: EmptyByteBufBE)
GET /session/0cb16b85fd54d24cec88c6f1e9eb2ebd/alert/text HTTP/1.1
User-Agent: selenium/4.9.0 (java windows)
Cache-Control: no-cache
Content-Type: application/json; charset=utf-8
host: localhost:18862
accept: */*

Response DefaultHttpResponse(decodeResult: success, version: HTTP/1.1)
HTTP/1.1 404 Not Found
Content-Length: 926
Content-Type: application/json; charset=utf-8
cache-control: no-cache

18:46:27.274 [AsyncHttpClient-1-2] DEBUG org.asynchttpclient.netty.channel.ChannelManager -- Adding key: http://localhost:18862 for channel [id: 0x1d483681, L:/127.0.0.1:51948 - R:localhost/127.0.0.1:18862]
18:46:27.274 [Forwarding getCurrentUrl on session 0cb16b85fd54d24cec88c6f1e9eb2ebd to remote] DEBUG org.asynchttpclient.netty.request.NettyRequestSender -- Using pooled Channel '[id: 0x1d483681, L:/127.0.0.1:51948 - R:localhost/127.0.0.1:18862]' for 'GET' to 'http://localhost:18862/session/0cb16b85fd54d24cec88c6f1e9eb2ebd/url'
18:46:27.274 [Forwarding getCurrentUrl on session 0cb16b85fd54d24cec88c6f1e9eb2ebd to remote] DEBUG org.asynchttpclient.netty.request.NettyRequestSender -- Using open Channel [id: 0x1d483681, L:/127.0.0.1:51948 - R:localhost/127.0.0.1:18862] for GET '/session/0cb16b85fd54d24cec88c6f1e9eb2ebd/url'
18:46:27.274 [AsyncHttpClient-1-2] DEBUG org.asynchttpclient.netty.handler.HttpHandler -- 

Request DefaultFullHttpRequest(decodeResult: success, version: HTTP/1.1, content: EmptyByteBufBE)
GET /session/0cb16b85fd54d24cec88c6f1e9eb2ebd/url HTTP/1.1
User-Agent: selenium/4.9.0 (java windows)
Cache-Control: no-cache
Content-Type: application/json; charset=utf-8
host: localhost:18862
accept: */*

Response DefaultHttpResponse(decodeResult: success, version: HTTP/1.1)
HTTP/1.1 200 OK
Content-Length: 48
Content-Type: application/json; charset=utf-8
cache-control: no-cache

18:46:27.282 [AsyncHttpClient-1-2] DEBUG org.asynchttpclient.netty.channel.ChannelManager -- Adding key: http://localhost:18862 for channel [id: 0x1d483681, L:/127.0.0.1:51948 - R:localhost/127.0.0.1:18862]
18:46:27.282 [Forwarding screenshot on session 0cb16b85fd54d24cec88c6f1e9eb2ebd to remote] DEBUG org.asynchttpclient.netty.request.NettyRequestSender -- Using pooled Channel '[id: 0x1d483681, L:/127.0.0.1:51948 - R:localhost/127.0.0.1:18862]' for 'GET' to 'http://localhost:18862/session/0cb16b85fd54d24cec88c6f1e9eb2ebd/screenshot'
18:46:27.282 [Forwarding screenshot on session 0cb16b85fd54d24cec88c6f1e9eb2ebd to remote] DEBUG org.asynchttpclient.netty.request.NettyRequestSender -- Using open Channel [id: 0x1d483681, L:/127.0.0.1:51948 - R:localhost/127.0.0.1:18862] for GET '/session/0cb16b85fd54d24cec88c6f1e9eb2ebd/screenshot'
18:46:27.355 [AsyncHttpClient-1-1] DEBUG org.asynchttpclient.netty.channel.DefaultChannelPool -- Entry count for : http://localhost:51952 : 1
18:46:27.432 [AsyncHttpClient-1-2] DEBUG org.asynchttpclient.netty.handler.HttpHandler -- 

Request DefaultFullHttpRequest(decodeResult: success, version: HTTP/1.1, content: EmptyByteBufBE)
GET /session/0cb16b85fd54d24cec88c6f1e9eb2ebd/screenshot HTTP/1.1
User-Agent: selenium/4.9.0 (java windows)
Cache-Control: no-cache
Content-Type: application/json; charset=utf-8
host: localhost:18862
accept: */*

Response DefaultHttpResponse(decodeResult: success, version: HTTP/1.1)
HTTP/1.1 200 OK
Content-Length: 284384
Content-Type: application/json; charset=utf-8
cache-control: no-cache

18:46:27.437 [AsyncHttpClient-1-2] DEBUG org.asynchttpclient.netty.channel.ChannelManager -- Adding key: http://localhost:18862 for channel [id: 0x1d483681, L:/127.0.0.1:51948 - R:localhost/127.0.0.1:18862]
18:46:27.446 [Test worker] DEBUG net.serenitybdd.core.photography.Darkroom -- Send negative for processing for C:\Users\kguer\IdeaProjects\retoDemoBlaze\target\site\serenity\3adb81c78693953a4d0486b91426a37968276a42b6d98e505d6ca5b858b8cec4.png
18:46:27.448 [Test worker] DEBUG net.thucydides.core.steps.StepInterceptor -- STEP DONE: {0} clicks on #target
18:46:27.542 [Driver Command Executor] DEBUG org.asynchttpclient.netty.request.NettyRequestSender -- Using pooled Channel '[id: 0x1d483681, L:/127.0.0.1:51948 - R:localhost/127.0.0.1:18862]' for 'DELETE' to 'http://localhost:18862/session/0cb16b85fd54d24cec88c6f1e9eb2ebd'
18:46:27.542 [Driver Command Executor] DEBUG org.asynchttpclient.netty.request.NettyRequestSender -- Using open Channel [id: 0x1d483681, L:/127.0.0.1:51948 - R:localhost/127.0.0.1:18862] for DELETE '/session/0cb16b85fd54d24cec88c6f1e9eb2ebd'
18:46:27.755 [AsyncHttpClient-1-4] DEBUG org.asynchttpclient.netty.handler.WebSocketHandler -- Unexpected I/O exception on channel [id: 0xe2fa0c23, L:/127.0.0.1:51966 - R:localhost/127.0.0.1:51952]
java.io.IOException: Se ha forzado la interrupción de una conexión existente por el host remoto
	at java.base/sun.nio.ch.SocketDispatcher.read0(Native Method)
	at java.base/sun.nio.ch.SocketDispatcher.read(SocketDispatcher.java:43)
	at java.base/sun.nio.ch.IOUtil.readIntoNativeBuffer(IOUtil.java:276)
	at java.base/sun.nio.ch.IOUtil.read(IOUtil.java:233)
	at java.base/sun.nio.ch.IOUtil.read(IOUtil.java:223)
	at java.base/sun.nio.ch.SocketChannelImpl.read(SocketChannelImpl.java:356)
	at io.netty.buffer.PooledByteBuf.setBytes(PooledByteBuf.java:256)
	at io.netty.buffer.AbstractByteBuf.writeBytes(AbstractByteBuf.java:1132)
	at io.netty.channel.socket.nio.NioSocketChannel.doReadBytes(NioSocketChannel.java:357)
	at io.netty.channel.nio.AbstractNioByteChannel$NioByteUnsafe.read(AbstractNioByteChannel.java:151)
	at io.netty.channel.nio.NioEventLoop.processSelectedKey(NioEventLoop.java:788)
	at io.netty.channel.nio.NioEventLoop.processSelectedKeysOptimized(NioEventLoop.java:724)
	at io.netty.channel.nio.NioEventLoop.processSelectedKeys(NioEventLoop.java:650)
	at io.netty.channel.nio.NioEventLoop.run(NioEventLoop.java:562)
	at io.netty.util.concurrent.SingleThreadEventExecutor$4.run(SingleThreadEventExecutor.java:997)
	at io.netty.util.internal.ThreadExecutorMap$2.run(ThreadExecutorMap.java:74)
	at io.netty.util.concurrent.FastThreadLocalRunnable.run(FastThreadLocalRunnable.java:30)
	at java.base/java.lang.Thread.run(Thread.java:829)
18:46:27.757 [AsyncHttpClient-1-3] DEBUG org.asynchttpclient.netty.handler.HttpHandler -- Unexpected I/O exception on channel [id: 0x51dc01f3, L:/127.0.0.1:51965 - R:localhost/127.0.0.1:51952]
java.io.IOException: Se ha forzado la interrupción de una conexión existente por el host remoto
	at java.base/sun.nio.ch.SocketDispatcher.read0(Native Method)
	at java.base/sun.nio.ch.SocketDispatcher.read(SocketDispatcher.java:43)
	at java.base/sun.nio.ch.IOUtil.readIntoNativeBuffer(IOUtil.java:276)
	at java.base/sun.nio.ch.IOUtil.read(IOUtil.java:233)
	at java.base/sun.nio.ch.IOUtil.read(IOUtil.java:223)
	at java.base/sun.nio.ch.SocketChannelImpl.read(SocketChannelImpl.java:356)
	at io.netty.buffer.PooledByteBuf.setBytes(PooledByteBuf.java:256)
	at io.netty.buffer.AbstractByteBuf.writeBytes(AbstractByteBuf.java:1132)
	at io.netty.channel.socket.nio.NioSocketChannel.doReadBytes(NioSocketChannel.java:357)
	at io.netty.channel.nio.AbstractNioByteChannel$NioByteUnsafe.read(AbstractNioByteChannel.java:151)
	at io.netty.channel.nio.NioEventLoop.processSelectedKey(NioEventLoop.java:788)
	at io.netty.channel.nio.NioEventLoop.processSelectedKeysOptimized(NioEventLoop.java:724)
	at io.netty.channel.nio.NioEventLoop.processSelectedKeys(NioEventLoop.java:650)
	at io.netty.channel.nio.NioEventLoop.run(NioEventLoop.java:562)
	at io.netty.util.concurrent.SingleThreadEventExecutor$4.run(SingleThreadEventExecutor.java:997)
	at io.netty.util.internal.ThreadExecutorMap$2.run(ThreadExecutorMap.java:74)
	at io.netty.util.concurrent.FastThreadLocalRunnable.run(FastThreadLocalRunnable.java:30)
	at java.base/java.lang.Thread.run(Thread.java:829)
18:46:27.757 [AsyncHttpClient-1-3] DEBUG org.asynchttpclient.netty.channel.ChannelManager -- Closing Channel [id: 0x51dc01f3, L:/127.0.0.1:51965 - R:localhost/127.0.0.1:51952] 
18:46:27.757 [AsyncHttpClient-1-4] DEBUG org.asynchttpclient.netty.handler.WebSocketHandler -- Trying to recover from dead Channel: [id: 0xe2fa0c23, L:/127.0.0.1:51966 - R:localhost/127.0.0.1:51952]
18:46:27.762 [AsyncHttpClient-1-4] DEBUG org.asynchttpclient.netty.handler.WebSocketHandler -- Channel Closed: [id: 0xe2fa0c23, L:/127.0.0.1:51966 ! R:localhost/127.0.0.1:51952] with attribute NettyResponseFuture{currentRetry=0,
	isDone=1,
	isCancelled=0,
	asyncHandler=org.asynchttpclient.ws.WebSocketUpgradeHandler@5c890feb,
	nettyRequest=org.asynchttpclient.netty.request.NettyRequest@75040a3e,
	future=java.util.concurrent.CompletableFuture@235b47d1[Completed normally],
	uri=ws://localhost:51952/devtools/browser/ab460f1e-a005-44ff-8ab5-f8c38ae16fab,
	keepAlive=true,
	redirectCount=0,
	timeoutsHolder=null,
	inAuth=0,
	touch=1712879187757}
18:46:27.762 [AsyncHttpClient-1-3] DEBUG org.asynchttpclient.netty.handler.HttpHandler -- Channel Closed: [id: 0x51dc01f3, L:/127.0.0.1:51965 ! R:localhost/127.0.0.1:51952] with attribute DISCARD
18:46:27.762 [AsyncHttpClient-1-4] DEBUG org.asynchttpclient.netty.channel.ChannelManager -- Closing Channel [id: 0xe2fa0c23, L:/127.0.0.1:51966 ! R:localhost/127.0.0.1:51952] 
18:46:27.849 [AsyncHttpClient-1-2] DEBUG org.asynchttpclient.netty.handler.HttpHandler -- 

Request DefaultFullHttpRequest(decodeResult: success, version: HTTP/1.1, content: EmptyByteBufBE)
DELETE /session/0cb16b85fd54d24cec88c6f1e9eb2ebd HTTP/1.1
User-Agent: selenium/4.9.0 (java windows)
Content-Type: application/json; charset=utf-8
host: localhost:18862
accept: */*

Response DefaultHttpResponse(decodeResult: success, version: HTTP/1.1)
HTTP/1.1 200 OK
Content-Length: 14
Content-Type: application/json; charset=utf-8
cache-control: no-cache

18:46:27.849 [AsyncHttpClient-1-2] DEBUG org.asynchttpclient.netty.channel.ChannelManager -- Adding key: http://localhost:18862 for channel [id: 0x1d483681, L:/127.0.0.1:51948 - R:localhost/127.0.0.1:18862]
18:46:28.004 [AsyncHttpClient-1-2] DEBUG org.asynchttpclient.netty.handler.HttpHandler -- Channel Closed: [id: 0x1d483681, L:/127.0.0.1:51948 ! R:localhost/127.0.0.1:18862] with attribute DISCARD
18:46:28.083 [Test worker] INFO  -- 
  _____   ___   ___   _____     ___     _     ___   ___   ___   ___  
 |_   _| | __| / __| |_   _|   | _ \   /_\   / __| / __| | __| |   \ 
   | |   | _|  \__ \   | |     |  _/  / _ \  \__ \ \__ \ | _|  | |) |
   |_|   |___| |___/   |_|     |_|   /_/ \_\ |___/ |___/ |___| |___/ 

the user adds two products to the cart and completes the entire purchase flow
----------------------------------------------------------------------
]]></system-out>
  <system-err><![CDATA[Starting ChromeDriver 123.0.6312.122 (31f8248cdd90acbac59f700b603fed0b5967ca50-refs/branch-heads/6312@{#824}) on port 18862
Only local connections are allowed.
Please see https://chromedriver.chromium.org/security-considerations for suggestions on keeping ChromeDriver safe.
ChromeDriver was started successfully.
abr. 11, 2024 6:45:59 P. M. org.openqa.selenium.devtools.CdpVersionFinder findNearestMatch
ADVERTENCIA: Unable to find CDP implementation matching 123
abr. 11, 2024 6:45:59 P. M. org.openqa.selenium.chromium.ChromiumDriver lambda$new$3
ADVERTENCIA: Unable to find version of CDP to use for . You may need to include a dependency on a specific version of the CDP using something similar to `org.seleniumhq.selenium:selenium-devtools-v86:4.9.0` where the version ("v86") matches the version of the chromium-based browser you're using and the version number of the artifact is the same as Selenium's.
[1712879171.983][WARNING]: screenshot failed, retrying unknown error: unhandled inspector error: {"code":-32000,"message":"Unable to capture screenshot"}
[1712879172.434][WARNING]: screenshot failed, retrying unknown error: unhandled inspector error: {"code":-32000,"message":"Unable to capture screenshot"}
[1712879174.865][WARNING]: unexpected alert open: {Alert text : Product added}, cancelling screenshot
]]></system-err>
</testsuite>
